Analysis & Synthesis report for rom_reader
Thu Jun 13 12:41:12 2024
Quartus Prime Version 16.1.2 Build 203 01/18/2017 SJ Lite Edition


---------------------
; Table of Contents ;
---------------------
  1. Legal Notice
  2. Analysis & Synthesis Summary
  3. Analysis & Synthesis Settings
  4. Parallel Compilation
  5. Analysis & Synthesis Source Files Read
  6. Analysis & Synthesis Resource Usage Summary
  7. Analysis & Synthesis Resource Utilization by Entity
  8. State Machine - |rom_reader|state
  9. Registers Protected by Synthesis
 10. Registers Removed During Synthesis
 11. General Register Statistics
 12. Source assignments for Top-level Entity: |rom_reader
 13. Post-Synthesis Netlist Statistics for Top Partition
 14. Elapsed Time Per Partition
 15. Analysis & Synthesis Messages
 16. Analysis & Synthesis Suppressed Messages



----------------
; Legal Notice ;
----------------
Copyright (C) 2017  Intel Corporation. All rights reserved.
Your use of Intel Corporation's design tools, logic functions 
and other software and tools, and its AMPP partner logic 
functions, and any output files from any of the foregoing 
(including device programming or simulation files), and any 
associated documentation or information are expressly subject 
to the terms and conditions of the Intel Program License 
Subscription Agreement, the Intel Quartus Prime License Agreement,
the Intel MegaCore Function License Agreement, or other 
applicable license agreement, including, without limitation, 
that your use is for the sole purpose of programming logic 
devices manufactured by Intel and sold by Intel or its 
authorized distributors.  Please refer to the applicable 
agreement for further details.



+-------------------------------------------------------------------------------+
; Analysis & Synthesis Summary                                                  ;
+---------------------------------+---------------------------------------------+
; Analysis & Synthesis Status     ; Successful - Thu Jun 13 12:41:12 2024       ;
; Quartus Prime Version           ; 16.1.2 Build 203 01/18/2017 SJ Lite Edition ;
; Revision Name                   ; rom_reader                                  ;
; Top-level Entity Name           ; rom_reader                                  ;
; Family                          ; Cyclone V                                   ;
; Logic utilization (in ALMs)     ; N/A                                         ;
; Total registers                 ; 269                                         ;
; Total pins                      ; 273                                         ;
; Total virtual pins              ; 0                                           ;
; Total block memory bits         ; 0                                           ;
; Total DSP Blocks                ; 0                                           ;
; Total HSSI RX PCSs              ; 0                                           ;
; Total HSSI PMA RX Deserializers ; 0                                           ;
; Total HSSI TX PCSs              ; 0                                           ;
; Total HSSI PMA TX Serializers   ; 0                                           ;
; Total PLLs                      ; 0                                           ;
; Total DLLs                      ; 0                                           ;
+---------------------------------+---------------------------------------------+


+---------------------------------------------------------------------------------------------------------------------------+
; Analysis & Synthesis Settings                                                                                             ;
+---------------------------------------------------------------------------------+--------------------+--------------------+
; Option                                                                          ; Setting            ; Default Value      ;
+---------------------------------------------------------------------------------+--------------------+--------------------+
; Device                                                                          ; 5CSEMA6F31C6       ;                    ;
; Top-level entity name                                                           ; rom_reader         ; rom_reader         ;
; Family name                                                                     ; Cyclone V          ; Cyclone V          ;
; Use smart compilation                                                           ; Off                ; Off                ;
; Enable parallel Assembler and TimeQuest Timing Analyzer during compilation      ; On                 ; On                 ;
; Enable compact report table                                                     ; Off                ; Off                ;
; Restructure Multiplexers                                                        ; Auto               ; Auto               ;
; MLAB Add Timing Constraints For Mixed-Port Feed-Through Mode Setting Don't Care ; Off                ; Off                ;
; Create Debugging Nodes for IP Cores                                             ; Off                ; Off                ;
; Preserve fewer node names                                                       ; On                 ; On                 ;
; OpenCore Plus hardware evaluation                                               ; Enable             ; Enable             ;
; Verilog Version                                                                 ; Verilog_2001       ; Verilog_2001       ;
; VHDL Version                                                                    ; VHDL_1993          ; VHDL_1993          ;
; State Machine Processing                                                        ; Auto               ; Auto               ;
; Safe State Machine                                                              ; Off                ; Off                ;
; Extract Verilog State Machines                                                  ; On                 ; On                 ;
; Extract VHDL State Machines                                                     ; On                 ; On                 ;
; Ignore Verilog initial constructs                                               ; Off                ; Off                ;
; Iteration limit for constant Verilog loops                                      ; 5000               ; 5000               ;
; Iteration limit for non-constant Verilog loops                                  ; 250                ; 250                ;
; Add Pass-Through Logic to Inferred RAMs                                         ; On                 ; On                 ;
; Infer RAMs from Raw Logic                                                       ; On                 ; On                 ;
; Parallel Synthesis                                                              ; On                 ; On                 ;
; DSP Block Balancing                                                             ; Auto               ; Auto               ;
; NOT Gate Push-Back                                                              ; On                 ; On                 ;
; Power-Up Don't Care                                                             ; On                 ; On                 ;
; Remove Redundant Logic Cells                                                    ; Off                ; Off                ;
; Remove Duplicate Registers                                                      ; On                 ; On                 ;
; Ignore CARRY Buffers                                                            ; Off                ; Off                ;
; Ignore CASCADE Buffers                                                          ; Off                ; Off                ;
; Ignore GLOBAL Buffers                                                           ; Off                ; Off                ;
; Ignore ROW GLOBAL Buffers                                                       ; Off                ; Off                ;
; Ignore LCELL Buffers                                                            ; Off                ; Off                ;
; Ignore SOFT Buffers                                                             ; On                 ; On                 ;
; Limit AHDL Integers to 32 Bits                                                  ; Off                ; Off                ;
; Optimization Technique                                                          ; Balanced           ; Balanced           ;
; Carry Chain Length                                                              ; 70                 ; 70                 ;
; Auto Carry Chains                                                               ; On                 ; On                 ;
; Auto Open-Drain Pins                                                            ; On                 ; On                 ;
; Perform WYSIWYG Primitive Resynthesis                                           ; Off                ; Off                ;
; Auto ROM Replacement                                                            ; On                 ; On                 ;
; Auto RAM Replacement                                                            ; On                 ; On                 ;
; Auto DSP Block Replacement                                                      ; On                 ; On                 ;
; Auto Shift Register Replacement                                                 ; Auto               ; Auto               ;
; Allow Shift Register Merging across Hierarchies                                 ; Auto               ; Auto               ;
; Auto Clock Enable Replacement                                                   ; On                 ; On                 ;
; Strict RAM Replacement                                                          ; Off                ; Off                ;
; Allow Synchronous Control Signals                                               ; On                 ; On                 ;
; Force Use of Synchronous Clear Signals                                          ; Off                ; Off                ;
; Auto Resource Sharing                                                           ; Off                ; Off                ;
; Allow Any RAM Size For Recognition                                              ; Off                ; Off                ;
; Allow Any ROM Size For Recognition                                              ; Off                ; Off                ;
; Allow Any Shift Register Size For Recognition                                   ; Off                ; Off                ;
; Use LogicLock Constraints during Resource Balancing                             ; On                 ; On                 ;
; Ignore translate_off and synthesis_off directives                               ; Off                ; Off                ;
; Timing-Driven Synthesis                                                         ; On                 ; On                 ;
; Report Parameter Settings                                                       ; On                 ; On                 ;
; Report Source Assignments                                                       ; On                 ; On                 ;
; Report Connectivity Checks                                                      ; On                 ; On                 ;
; Ignore Maximum Fan-Out Assignments                                              ; Off                ; Off                ;
; Synchronization Register Chain Length                                           ; 3                  ; 3                  ;
; PowerPlay Power Optimization During Synthesis                                   ; Normal compilation ; Normal compilation ;
; HDL message level                                                               ; Level2             ; Level2             ;
; Suppress Register Optimization Related Messages                                 ; Off                ; Off                ;
; Number of Removed Registers Reported in Synthesis Report                        ; 5000               ; 5000               ;
; Number of Swept Nodes Reported in Synthesis Report                              ; 5000               ; 5000               ;
; Number of Inverted Registers Reported in Synthesis Report                       ; 100                ; 100                ;
; Clock MUX Protection                                                            ; On                 ; On                 ;
; Auto Gated Clock Conversion                                                     ; Off                ; Off                ;
; Block Design Naming                                                             ; Auto               ; Auto               ;
; SDC constraint protection                                                       ; Off                ; Off                ;
; Synthesis Effort                                                                ; Auto               ; Auto               ;
; Shift Register Replacement - Allow Asynchronous Clear Signal                    ; On                 ; On                 ;
; Pre-Mapping Resynthesis Optimization                                            ; Off                ; Off                ;
; Analysis & Synthesis Message Level                                              ; Medium             ; Medium             ;
; Disable Register Merging Across Hierarchies                                     ; Auto               ; Auto               ;
; Resource Aware Inference For Block RAM                                          ; On                 ; On                 ;
; Automatic Parallel Synthesis                                                    ; On                 ; On                 ;
; Partial Reconfiguration Bitstream ID                                            ; Off                ; Off                ;
+---------------------------------------------------------------------------------+--------------------+--------------------+


+------------------------------------------+
; Parallel Compilation                     ;
+----------------------------+-------------+
; Processors                 ; Number      ;
+----------------------------+-------------+
; Number detected on machine ; 12          ;
; Maximum allowed            ; 6           ;
;                            ;             ;
; Average used               ; 1.00        ;
; Maximum used               ; 6           ;
;                            ;             ;
; Usage by Processor         ; % Time Used ;
;     Processor 1            ; 100.0%      ;
;     Processors 2-6         ;   0.0%      ;
+----------------------------+-------------+


+-------------------------------------------------------------------------------------------------------------------------------------------------------------------------------------------+
; Analysis & Synthesis Source Files Read                                                                                                                                                    ;
+----------------------------------+-----------------+------------------------------------+---------------------------------------------------------------------------------------+---------+
; File Name with User-Entered Path ; Used in Netlist ; File Type                          ; File Name with Absolute Path                                                          ; Library ;
+----------------------------------+-----------------+------------------------------------+---------------------------------------------------------------------------------------+---------+
; rom_reader.sv                    ; yes             ; Auto-Found SystemVerilog HDL File  ; C:/Users/eldad/OneDrive/Desktop/CPEN311/LAB4/RC4_Breaker/rtl/rom_reader/rom_reader.sv ;         ;
+----------------------------------+-----------------+------------------------------------+---------------------------------------------------------------------------------------+---------+


+---------------------------------------------------------+
; Analysis & Synthesis Resource Usage Summary             ;
+---------------------------------------------+-----------+
; Resource                                    ; Usage     ;
+---------------------------------------------+-----------+
; Estimate of Logic utilization (ALMs needed) ; 154       ;
;                                             ;           ;
; Combinational ALUT usage for logic          ; 62        ;
;     -- 7 input functions                    ; 0         ;
;     -- 6 input functions                    ; 12        ;
;     -- 5 input functions                    ; 23        ;
;     -- 4 input functions                    ; 14        ;
;     -- <=3 input functions                  ; 13        ;
;                                             ;           ;
; Dedicated logic registers                   ; 269       ;
;                                             ;           ;
; I/O pins                                    ; 273       ;
;                                             ;           ;
; Total DSP Blocks                            ; 0         ;
;                                             ;           ;
; Maximum fan-out node                        ; clk~input ;
; Maximum fan-out                             ; 269       ;
; Total fan-out                               ; 1607      ;
; Average fan-out                             ; 1.83      ;
+---------------------------------------------+-----------+


+----------------------------------------------------------------------------------------------------------------------------------------------------------------------------------------+
; Analysis & Synthesis Resource Utilization by Entity                                                                                                                                    ;
+----------------------------+---------------------+---------------------------+-------------------+------------+------+--------------+---------------------+-------------+--------------+
; Compilation Hierarchy Node ; Combinational ALUTs ; Dedicated Logic Registers ; Block Memory Bits ; DSP Blocks ; Pins ; Virtual Pins ; Full Hierarchy Name ; Entity Name ; Library Name ;
+----------------------------+---------------------+---------------------------+-------------------+------------+------+--------------+---------------------+-------------+--------------+
; |rom_reader                ; 62 (62)             ; 269 (269)                 ; 0                 ; 0          ; 273  ; 0            ; |rom_reader         ; rom_reader  ; work         ;
+----------------------------+---------------------+---------------------------+-------------------+------------+------+--------------+---------------------+-------------+--------------+
Note: For table entries with two numbers listed, the numbers in parentheses indicate the number of resources of the given type used by the specific entity alone. The numbers listed outside of parentheses indicate the total resources of the given type used by the specific entity and all of its sub-entities in the hierarchy.


Encoding Type:  One-Hot
+----------------------------------------------------------------------------+
; State Machine - |rom_reader|state                                          ;
+------------+------------+-----------+------------+------------+------------+
; Name       ; state.DONE ; state.INC ; state.READ ; state.IDLE ; state.WAIT ;
+------------+------------+-----------+------------+------------+------------+
; state.IDLE ; 0          ; 0         ; 0          ; 0          ; 0          ;
; state.READ ; 0          ; 0         ; 1          ; 1          ; 0          ;
; state.INC  ; 0          ; 1         ; 0          ; 1          ; 0          ;
; state.DONE ; 1          ; 0         ; 0          ; 1          ; 0          ;
; state.WAIT ; 0          ; 0         ; 0          ; 1          ; 1          ;
+------------+------------+-----------+------------+------------+------------+


+------------------------------------------------------------------------------------------------------------------------------------------------------------+
; Registers Protected by Synthesis                                                                                                                           ;
+--------------------------------------------+------------------------------------------------------------------+--------------------------------------------+
; Register Name                              ; Protected by Synthesis Attribute or Preserve Register Assignment ; Not to be Touched by Netlist Optimizations ;
+--------------------------------------------+------------------------------------------------------------------+--------------------------------------------+
; rom_data_register[0][0]                    ; yes                                                              ; yes                                        ;
; rom_data_register[0][1]                    ; yes                                                              ; yes                                        ;
; rom_data_register[0][2]                    ; yes                                                              ; yes                                        ;
; rom_data_register[0][3]                    ; yes                                                              ; yes                                        ;
; rom_data_register[0][4]                    ; yes                                                              ; yes                                        ;
; rom_data_register[0][5]                    ; yes                                                              ; yes                                        ;
; rom_data_register[0][6]                    ; yes                                                              ; yes                                        ;
; rom_data_register[0][7]                    ; yes                                                              ; yes                                        ;
; rom_data_register[1][0]                    ; yes                                                              ; yes                                        ;
; rom_data_register[1][1]                    ; yes                                                              ; yes                                        ;
; rom_data_register[1][2]                    ; yes                                                              ; yes                                        ;
; rom_data_register[1][3]                    ; yes                                                              ; yes                                        ;
; rom_data_register[1][4]                    ; yes                                                              ; yes                                        ;
; rom_data_register[1][5]                    ; yes                                                              ; yes                                        ;
; rom_data_register[1][6]                    ; yes                                                              ; yes                                        ;
; rom_data_register[1][7]                    ; yes                                                              ; yes                                        ;
; rom_data_register[2][0]                    ; yes                                                              ; yes                                        ;
; rom_data_register[2][1]                    ; yes                                                              ; yes                                        ;
; rom_data_register[2][2]                    ; yes                                                              ; yes                                        ;
; rom_data_register[2][3]                    ; yes                                                              ; yes                                        ;
; rom_data_register[2][4]                    ; yes                                                              ; yes                                        ;
; rom_data_register[2][5]                    ; yes                                                              ; yes                                        ;
; rom_data_register[2][6]                    ; yes                                                              ; yes                                        ;
; rom_data_register[2][7]                    ; yes                                                              ; yes                                        ;
; rom_data_register[3][0]                    ; yes                                                              ; yes                                        ;
; rom_data_register[3][1]                    ; yes                                                              ; yes                                        ;
; rom_data_register[3][2]                    ; yes                                                              ; yes                                        ;
; rom_data_register[3][3]                    ; yes                                                              ; yes                                        ;
; rom_data_register[3][4]                    ; yes                                                              ; yes                                        ;
; rom_data_register[3][5]                    ; yes                                                              ; yes                                        ;
; rom_data_register[3][6]                    ; yes                                                              ; yes                                        ;
; rom_data_register[3][7]                    ; yes                                                              ; yes                                        ;
; rom_data_register[4][0]                    ; yes                                                              ; yes                                        ;
; rom_data_register[4][1]                    ; yes                                                              ; yes                                        ;
; rom_data_register[4][2]                    ; yes                                                              ; yes                                        ;
; rom_data_register[4][3]                    ; yes                                                              ; yes                                        ;
; rom_data_register[4][4]                    ; yes                                                              ; yes                                        ;
; rom_data_register[4][5]                    ; yes                                                              ; yes                                        ;
; rom_data_register[4][6]                    ; yes                                                              ; yes                                        ;
; rom_data_register[4][7]                    ; yes                                                              ; yes                                        ;
; rom_data_register[5][0]                    ; yes                                                              ; yes                                        ;
; rom_data_register[5][1]                    ; yes                                                              ; yes                                        ;
; rom_data_register[5][2]                    ; yes                                                              ; yes                                        ;
; rom_data_register[5][3]                    ; yes                                                              ; yes                                        ;
; rom_data_register[5][4]                    ; yes                                                              ; yes                                        ;
; rom_data_register[5][5]                    ; yes                                                              ; yes                                        ;
; rom_data_register[5][6]                    ; yes                                                              ; yes                                        ;
; rom_data_register[5][7]                    ; yes                                                              ; yes                                        ;
; rom_data_register[6][0]                    ; yes                                                              ; yes                                        ;
; rom_data_register[6][1]                    ; yes                                                              ; yes                                        ;
; rom_data_register[6][2]                    ; yes                                                              ; yes                                        ;
; rom_data_register[6][3]                    ; yes                                                              ; yes                                        ;
; rom_data_register[6][4]                    ; yes                                                              ; yes                                        ;
; rom_data_register[6][5]                    ; yes                                                              ; yes                                        ;
; rom_data_register[6][6]                    ; yes                                                              ; yes                                        ;
; rom_data_register[6][7]                    ; yes                                                              ; yes                                        ;
; rom_data_register[7][0]                    ; yes                                                              ; yes                                        ;
; rom_data_register[7][1]                    ; yes                                                              ; yes                                        ;
; rom_data_register[7][2]                    ; yes                                                              ; yes                                        ;
; rom_data_register[7][3]                    ; yes                                                              ; yes                                        ;
; rom_data_register[7][4]                    ; yes                                                              ; yes                                        ;
; rom_data_register[7][5]                    ; yes                                                              ; yes                                        ;
; rom_data_register[7][6]                    ; yes                                                              ; yes                                        ;
; rom_data_register[7][7]                    ; yes                                                              ; yes                                        ;
; rom_data_register[8][0]                    ; yes                                                              ; yes                                        ;
; rom_data_register[8][1]                    ; yes                                                              ; yes                                        ;
; rom_data_register[8][2]                    ; yes                                                              ; yes                                        ;
; rom_data_register[8][3]                    ; yes                                                              ; yes                                        ;
; rom_data_register[8][4]                    ; yes                                                              ; yes                                        ;
; rom_data_register[8][5]                    ; yes                                                              ; yes                                        ;
; rom_data_register[8][6]                    ; yes                                                              ; yes                                        ;
; rom_data_register[8][7]                    ; yes                                                              ; yes                                        ;
; rom_data_register[9][0]                    ; yes                                                              ; yes                                        ;
; rom_data_register[9][1]                    ; yes                                                              ; yes                                        ;
; rom_data_register[9][2]                    ; yes                                                              ; yes                                        ;
; rom_data_register[9][3]                    ; yes                                                              ; yes                                        ;
; rom_data_register[9][4]                    ; yes                                                              ; yes                                        ;
; rom_data_register[9][5]                    ; yes                                                              ; yes                                        ;
; rom_data_register[9][6]                    ; yes                                                              ; yes                                        ;
; rom_data_register[9][7]                    ; yes                                                              ; yes                                        ;
; rom_data_register[10][0]                   ; yes                                                              ; yes                                        ;
; rom_data_register[10][1]                   ; yes                                                              ; yes                                        ;
; rom_data_register[10][2]                   ; yes                                                              ; yes                                        ;
; rom_data_register[10][3]                   ; yes                                                              ; yes                                        ;
; rom_data_register[10][4]                   ; yes                                                              ; yes                                        ;
; rom_data_register[10][5]                   ; yes                                                              ; yes                                        ;
; rom_data_register[10][6]                   ; yes                                                              ; yes                                        ;
; rom_data_register[10][7]                   ; yes                                                              ; yes                                        ;
; rom_data_register[11][0]                   ; yes                                                              ; yes                                        ;
; rom_data_register[11][1]                   ; yes                                                              ; yes                                        ;
; rom_data_register[11][2]                   ; yes                                                              ; yes                                        ;
; rom_data_register[11][3]                   ; yes                                                              ; yes                                        ;
; rom_data_register[11][4]                   ; yes                                                              ; yes                                        ;
; rom_data_register[11][5]                   ; yes                                                              ; yes                                        ;
; rom_data_register[11][6]                   ; yes                                                              ; yes                                        ;
; rom_data_register[11][7]                   ; yes                                                              ; yes                                        ;
; rom_data_register[12][0]                   ; yes                                                              ; yes                                        ;
; rom_data_register[12][1]                   ; yes                                                              ; yes                                        ;
; rom_data_register[12][2]                   ; yes                                                              ; yes                                        ;
; rom_data_register[12][3]                   ; yes                                                              ; yes                                        ;
; rom_data_register[12][4]                   ; yes                                                              ; yes                                        ;
; rom_data_register[12][5]                   ; yes                                                              ; yes                                        ;
; rom_data_register[12][6]                   ; yes                                                              ; yes                                        ;
; rom_data_register[12][7]                   ; yes                                                              ; yes                                        ;
; rom_data_register[13][0]                   ; yes                                                              ; yes                                        ;
; rom_data_register[13][1]                   ; yes                                                              ; yes                                        ;
; rom_data_register[13][2]                   ; yes                                                              ; yes                                        ;
; rom_data_register[13][3]                   ; yes                                                              ; yes                                        ;
; rom_data_register[13][4]                   ; yes                                                              ; yes                                        ;
; rom_data_register[13][5]                   ; yes                                                              ; yes                                        ;
; rom_data_register[13][6]                   ; yes                                                              ; yes                                        ;
; rom_data_register[13][7]                   ; yes                                                              ; yes                                        ;
; rom_data_register[14][0]                   ; yes                                                              ; yes                                        ;
; rom_data_register[14][1]                   ; yes                                                              ; yes                                        ;
; rom_data_register[14][2]                   ; yes                                                              ; yes                                        ;
; rom_data_register[14][3]                   ; yes                                                              ; yes                                        ;
; rom_data_register[14][4]                   ; yes                                                              ; yes                                        ;
; rom_data_register[14][5]                   ; yes                                                              ; yes                                        ;
; rom_data_register[14][6]                   ; yes                                                              ; yes                                        ;
; rom_data_register[14][7]                   ; yes                                                              ; yes                                        ;
; rom_data_register[15][0]                   ; yes                                                              ; yes                                        ;
; rom_data_register[15][1]                   ; yes                                                              ; yes                                        ;
; rom_data_register[15][2]                   ; yes                                                              ; yes                                        ;
; rom_data_register[15][3]                   ; yes                                                              ; yes                                        ;
; rom_data_register[15][4]                   ; yes                                                              ; yes                                        ;
; rom_data_register[15][5]                   ; yes                                                              ; yes                                        ;
; rom_data_register[15][6]                   ; yes                                                              ; yes                                        ;
; rom_data_register[15][7]                   ; yes                                                              ; yes                                        ;
; rom_data_register[16][0]                   ; yes                                                              ; yes                                        ;
; rom_data_register[16][1]                   ; yes                                                              ; yes                                        ;
; rom_data_register[16][2]                   ; yes                                                              ; yes                                        ;
; rom_data_register[16][3]                   ; yes                                                              ; yes                                        ;
; rom_data_register[16][4]                   ; yes                                                              ; yes                                        ;
; rom_data_register[16][5]                   ; yes                                                              ; yes                                        ;
; rom_data_register[16][6]                   ; yes                                                              ; yes                                        ;
; rom_data_register[16][7]                   ; yes                                                              ; yes                                        ;
; rom_data_register[17][0]                   ; yes                                                              ; yes                                        ;
; rom_data_register[17][1]                   ; yes                                                              ; yes                                        ;
; rom_data_register[17][2]                   ; yes                                                              ; yes                                        ;
; rom_data_register[17][3]                   ; yes                                                              ; yes                                        ;
; rom_data_register[17][4]                   ; yes                                                              ; yes                                        ;
; rom_data_register[17][5]                   ; yes                                                              ; yes                                        ;
; rom_data_register[17][6]                   ; yes                                                              ; yes                                        ;
; rom_data_register[17][7]                   ; yes                                                              ; yes                                        ;
; rom_data_register[18][0]                   ; yes                                                              ; yes                                        ;
; rom_data_register[18][1]                   ; yes                                                              ; yes                                        ;
; rom_data_register[18][2]                   ; yes                                                              ; yes                                        ;
; rom_data_register[18][3]                   ; yes                                                              ; yes                                        ;
; rom_data_register[18][4]                   ; yes                                                              ; yes                                        ;
; rom_data_register[18][5]                   ; yes                                                              ; yes                                        ;
; rom_data_register[18][6]                   ; yes                                                              ; yes                                        ;
; rom_data_register[18][7]                   ; yes                                                              ; yes                                        ;
; rom_data_register[19][0]                   ; yes                                                              ; yes                                        ;
; rom_data_register[19][1]                   ; yes                                                              ; yes                                        ;
; rom_data_register[19][2]                   ; yes                                                              ; yes                                        ;
; rom_data_register[19][3]                   ; yes                                                              ; yes                                        ;
; rom_data_register[19][4]                   ; yes                                                              ; yes                                        ;
; rom_data_register[19][5]                   ; yes                                                              ; yes                                        ;
; rom_data_register[19][6]                   ; yes                                                              ; yes                                        ;
; rom_data_register[19][7]                   ; yes                                                              ; yes                                        ;
; rom_data_register[20][0]                   ; yes                                                              ; yes                                        ;
; rom_data_register[20][1]                   ; yes                                                              ; yes                                        ;
; rom_data_register[20][2]                   ; yes                                                              ; yes                                        ;
; rom_data_register[20][3]                   ; yes                                                              ; yes                                        ;
; rom_data_register[20][4]                   ; yes                                                              ; yes                                        ;
; rom_data_register[20][5]                   ; yes                                                              ; yes                                        ;
; rom_data_register[20][6]                   ; yes                                                              ; yes                                        ;
; rom_data_register[20][7]                   ; yes                                                              ; yes                                        ;
; rom_data_register[21][0]                   ; yes                                                              ; yes                                        ;
; rom_data_register[21][1]                   ; yes                                                              ; yes                                        ;
; rom_data_register[21][2]                   ; yes                                                              ; yes                                        ;
; rom_data_register[21][3]                   ; yes                                                              ; yes                                        ;
; rom_data_register[21][4]                   ; yes                                                              ; yes                                        ;
; rom_data_register[21][5]                   ; yes                                                              ; yes                                        ;
; rom_data_register[21][6]                   ; yes                                                              ; yes                                        ;
; rom_data_register[21][7]                   ; yes                                                              ; yes                                        ;
; rom_data_register[22][0]                   ; yes                                                              ; yes                                        ;
; rom_data_register[22][1]                   ; yes                                                              ; yes                                        ;
; rom_data_register[22][2]                   ; yes                                                              ; yes                                        ;
; rom_data_register[22][3]                   ; yes                                                              ; yes                                        ;
; rom_data_register[22][4]                   ; yes                                                              ; yes                                        ;
; rom_data_register[22][5]                   ; yes                                                              ; yes                                        ;
; rom_data_register[22][6]                   ; yes                                                              ; yes                                        ;
; rom_data_register[22][7]                   ; yes                                                              ; yes                                        ;
; rom_data_register[23][0]                   ; yes                                                              ; yes                                        ;
; rom_data_register[23][1]                   ; yes                                                              ; yes                                        ;
; rom_data_register[23][2]                   ; yes                                                              ; yes                                        ;
; rom_data_register[23][3]                   ; yes                                                              ; yes                                        ;
; rom_data_register[23][4]                   ; yes                                                              ; yes                                        ;
; rom_data_register[23][5]                   ; yes                                                              ; yes                                        ;
; rom_data_register[23][6]                   ; yes                                                              ; yes                                        ;
; rom_data_register[23][7]                   ; yes                                                              ; yes                                        ;
; rom_data_register[24][0]                   ; yes                                                              ; yes                                        ;
; rom_data_register[24][1]                   ; yes                                                              ; yes                                        ;
; rom_data_register[24][2]                   ; yes                                                              ; yes                                        ;
; rom_data_register[24][3]                   ; yes                                                              ; yes                                        ;
; rom_data_register[24][4]                   ; yes                                                              ; yes                                        ;
; rom_data_register[24][5]                   ; yes                                                              ; yes                                        ;
; rom_data_register[24][6]                   ; yes                                                              ; yes                                        ;
; rom_data_register[24][7]                   ; yes                                                              ; yes                                        ;
; rom_data_register[25][0]                   ; yes                                                              ; yes                                        ;
; rom_data_register[25][1]                   ; yes                                                              ; yes                                        ;
; rom_data_register[25][2]                   ; yes                                                              ; yes                                        ;
; rom_data_register[25][3]                   ; yes                                                              ; yes                                        ;
; rom_data_register[25][4]                   ; yes                                                              ; yes                                        ;
; rom_data_register[25][5]                   ; yes                                                              ; yes                                        ;
; rom_data_register[25][6]                   ; yes                                                              ; yes                                        ;
; rom_data_register[25][7]                   ; yes                                                              ; yes                                        ;
; rom_data_register[26][0]                   ; yes                                                              ; yes                                        ;
; rom_data_register[26][1]                   ; yes                                                              ; yes                                        ;
; rom_data_register[26][2]                   ; yes                                                              ; yes                                        ;
; rom_data_register[26][3]                   ; yes                                                              ; yes                                        ;
; rom_data_register[26][4]                   ; yes                                                              ; yes                                        ;
; rom_data_register[26][5]                   ; yes                                                              ; yes                                        ;
; rom_data_register[26][6]                   ; yes                                                              ; yes                                        ;
; rom_data_register[26][7]                   ; yes                                                              ; yes                                        ;
; rom_data_register[27][0]                   ; yes                                                              ; yes                                        ;
; rom_data_register[27][1]                   ; yes                                                              ; yes                                        ;
; rom_data_register[27][2]                   ; yes                                                              ; yes                                        ;
; rom_data_register[27][3]                   ; yes                                                              ; yes                                        ;
; rom_data_register[27][4]                   ; yes                                                              ; yes                                        ;
; rom_data_register[27][5]                   ; yes                                                              ; yes                                        ;
; rom_data_register[27][6]                   ; yes                                                              ; yes                                        ;
; rom_data_register[27][7]                   ; yes                                                              ; yes                                        ;
; rom_data_register[28][0]                   ; yes                                                              ; yes                                        ;
; rom_data_register[28][1]                   ; yes                                                              ; yes                                        ;
; rom_data_register[28][2]                   ; yes                                                              ; yes                                        ;
; rom_data_register[28][3]                   ; yes                                                              ; yes                                        ;
; rom_data_register[28][4]                   ; yes                                                              ; yes                                        ;
; rom_data_register[28][5]                   ; yes                                                              ; yes                                        ;
; rom_data_register[28][6]                   ; yes                                                              ; yes                                        ;
; rom_data_register[28][7]                   ; yes                                                              ; yes                                        ;
; rom_data_register[29][0]                   ; yes                                                              ; yes                                        ;
; rom_data_register[29][1]                   ; yes                                                              ; yes                                        ;
; rom_data_register[29][2]                   ; yes                                                              ; yes                                        ;
; rom_data_register[29][3]                   ; yes                                                              ; yes                                        ;
; rom_data_register[29][4]                   ; yes                                                              ; yes                                        ;
; rom_data_register[29][5]                   ; yes                                                              ; yes                                        ;
; rom_data_register[29][6]                   ; yes                                                              ; yes                                        ;
; rom_data_register[29][7]                   ; yes                                                              ; yes                                        ;
; rom_data_register[30][0]                   ; yes                                                              ; yes                                        ;
; rom_data_register[30][1]                   ; yes                                                              ; yes                                        ;
; rom_data_register[30][2]                   ; yes                                                              ; yes                                        ;
; rom_data_register[30][3]                   ; yes                                                              ; yes                                        ;
; rom_data_register[30][4]                   ; yes                                                              ; yes                                        ;
; rom_data_register[30][5]                   ; yes                                                              ; yes                                        ;
; rom_data_register[30][6]                   ; yes                                                              ; yes                                        ;
; rom_data_register[30][7]                   ; yes                                                              ; yes                                        ;
; rom_data_register[31][0]                   ; yes                                                              ; yes                                        ;
; rom_data_register[31][1]                   ; yes                                                              ; yes                                        ;
; rom_data_register[31][2]                   ; yes                                                              ; yes                                        ;
; rom_data_register[31][3]                   ; yes                                                              ; yes                                        ;
; rom_data_register[31][4]                   ; yes                                                              ; yes                                        ;
; rom_data_register[31][5]                   ; yes                                                              ; yes                                        ;
; rom_data_register[31][6]                   ; yes                                                              ; yes                                        ;
; rom_data_register[31][7]                   ; yes                                                              ; yes                                        ;
; Total number of protected registers is 256 ;                                                                  ;                                            ;
+--------------------------------------------+------------------------------------------------------------------+--------------------------------------------+


+------------------------------------------------------------+
; Registers Removed During Synthesis                         ;
+---------------------------------------+--------------------+
; Register name                         ; Reason for Removal ;
+---------------------------------------+--------------------+
; state~2                               ; Lost fanout        ;
; state~3                               ; Lost fanout        ;
; Total Number of Removed Registers = 2 ;                    ;
+---------------------------------------+--------------------+


+------------------------------------------------------+
; General Register Statistics                          ;
+----------------------------------------------+-------+
; Statistic                                    ; Value ;
+----------------------------------------------+-------+
; Total registers                              ; 269   ;
; Number of registers using Synchronous Clear  ; 7     ;
; Number of registers using Synchronous Load   ; 0     ;
; Number of registers using Asynchronous Clear ; 0     ;
; Number of registers using Asynchronous Load  ; 0     ;
; Number of registers using Clock Enable       ; 256   ;
; Number of registers using Preset             ; 0     ;
+----------------------------------------------+-------+


+-------------------------------------------------------------+
; Source assignments for Top-level Entity: |rom_reader        ;
+-------------------+-------+------+--------------------------+
; Assignment        ; Value ; From ; To                       ;
+-------------------+-------+------+--------------------------+
; PRESERVE_REGISTER ; on    ; -    ; rom_data_register[31][7] ;
; PRESERVE_REGISTER ; on    ; -    ; rom_data_register[31][6] ;
; PRESERVE_REGISTER ; on    ; -    ; rom_data_register[31][5] ;
; PRESERVE_REGISTER ; on    ; -    ; rom_data_register[31][4] ;
; PRESERVE_REGISTER ; on    ; -    ; rom_data_register[31][3] ;
; PRESERVE_REGISTER ; on    ; -    ; rom_data_register[31][2] ;
; PRESERVE_REGISTER ; on    ; -    ; rom_data_register[31][1] ;
; PRESERVE_REGISTER ; on    ; -    ; rom_data_register[31][0] ;
; PRESERVE_REGISTER ; on    ; -    ; rom_data_register[30][7] ;
; PRESERVE_REGISTER ; on    ; -    ; rom_data_register[30][6] ;
; PRESERVE_REGISTER ; on    ; -    ; rom_data_register[30][5] ;
; PRESERVE_REGISTER ; on    ; -    ; rom_data_register[30][4] ;
; PRESERVE_REGISTER ; on    ; -    ; rom_data_register[30][3] ;
; PRESERVE_REGISTER ; on    ; -    ; rom_data_register[30][2] ;
; PRESERVE_REGISTER ; on    ; -    ; rom_data_register[30][1] ;
; PRESERVE_REGISTER ; on    ; -    ; rom_data_register[30][0] ;
; PRESERVE_REGISTER ; on    ; -    ; rom_data_register[29][7] ;
; PRESERVE_REGISTER ; on    ; -    ; rom_data_register[29][6] ;
; PRESERVE_REGISTER ; on    ; -    ; rom_data_register[29][5] ;
; PRESERVE_REGISTER ; on    ; -    ; rom_data_register[29][4] ;
; PRESERVE_REGISTER ; on    ; -    ; rom_data_register[29][3] ;
; PRESERVE_REGISTER ; on    ; -    ; rom_data_register[29][2] ;
; PRESERVE_REGISTER ; on    ; -    ; rom_data_register[29][1] ;
; PRESERVE_REGISTER ; on    ; -    ; rom_data_register[29][0] ;
; PRESERVE_REGISTER ; on    ; -    ; rom_data_register[28][7] ;
; PRESERVE_REGISTER ; on    ; -    ; rom_data_register[28][6] ;
; PRESERVE_REGISTER ; on    ; -    ; rom_data_register[28][5] ;
; PRESERVE_REGISTER ; on    ; -    ; rom_data_register[28][4] ;
; PRESERVE_REGISTER ; on    ; -    ; rom_data_register[28][3] ;
; PRESERVE_REGISTER ; on    ; -    ; rom_data_register[28][2] ;
; PRESERVE_REGISTER ; on    ; -    ; rom_data_register[28][1] ;
; PRESERVE_REGISTER ; on    ; -    ; rom_data_register[28][0] ;
; PRESERVE_REGISTER ; on    ; -    ; rom_data_register[27][7] ;
; PRESERVE_REGISTER ; on    ; -    ; rom_data_register[27][6] ;
; PRESERVE_REGISTER ; on    ; -    ; rom_data_register[27][5] ;
; PRESERVE_REGISTER ; on    ; -    ; rom_data_register[27][4] ;
; PRESERVE_REGISTER ; on    ; -    ; rom_data_register[27][3] ;
; PRESERVE_REGISTER ; on    ; -    ; rom_data_register[27][2] ;
; PRESERVE_REGISTER ; on    ; -    ; rom_data_register[27][1] ;
; PRESERVE_REGISTER ; on    ; -    ; rom_data_register[27][0] ;
; PRESERVE_REGISTER ; on    ; -    ; rom_data_register[26][7] ;
; PRESERVE_REGISTER ; on    ; -    ; rom_data_register[26][6] ;
; PRESERVE_REGISTER ; on    ; -    ; rom_data_register[26][5] ;
; PRESERVE_REGISTER ; on    ; -    ; rom_data_register[26][4] ;
; PRESERVE_REGISTER ; on    ; -    ; rom_data_register[26][3] ;
; PRESERVE_REGISTER ; on    ; -    ; rom_data_register[26][2] ;
; PRESERVE_REGISTER ; on    ; -    ; rom_data_register[26][1] ;
; PRESERVE_REGISTER ; on    ; -    ; rom_data_register[26][0] ;
; PRESERVE_REGISTER ; on    ; -    ; rom_data_register[25][7] ;
; PRESERVE_REGISTER ; on    ; -    ; rom_data_register[25][6] ;
; PRESERVE_REGISTER ; on    ; -    ; rom_data_register[25][5] ;
; PRESERVE_REGISTER ; on    ; -    ; rom_data_register[25][4] ;
; PRESERVE_REGISTER ; on    ; -    ; rom_data_register[25][3] ;
; PRESERVE_REGISTER ; on    ; -    ; rom_data_register[25][2] ;
; PRESERVE_REGISTER ; on    ; -    ; rom_data_register[25][1] ;
; PRESERVE_REGISTER ; on    ; -    ; rom_data_register[25][0] ;
; PRESERVE_REGISTER ; on    ; -    ; rom_data_register[24][7] ;
; PRESERVE_REGISTER ; on    ; -    ; rom_data_register[24][6] ;
; PRESERVE_REGISTER ; on    ; -    ; rom_data_register[24][5] ;
; PRESERVE_REGISTER ; on    ; -    ; rom_data_register[24][4] ;
; PRESERVE_REGISTER ; on    ; -    ; rom_data_register[24][3] ;
; PRESERVE_REGISTER ; on    ; -    ; rom_data_register[24][2] ;
; PRESERVE_REGISTER ; on    ; -    ; rom_data_register[24][1] ;
; PRESERVE_REGISTER ; on    ; -    ; rom_data_register[24][0] ;
; PRESERVE_REGISTER ; on    ; -    ; rom_data_register[23][7] ;
; PRESERVE_REGISTER ; on    ; -    ; rom_data_register[23][6] ;
; PRESERVE_REGISTER ; on    ; -    ; rom_data_register[23][5] ;
; PRESERVE_REGISTER ; on    ; -    ; rom_data_register[23][4] ;
; PRESERVE_REGISTER ; on    ; -    ; rom_data_register[23][3] ;
; PRESERVE_REGISTER ; on    ; -    ; rom_data_register[23][2] ;
; PRESERVE_REGISTER ; on    ; -    ; rom_data_register[23][1] ;
; PRESERVE_REGISTER ; on    ; -    ; rom_data_register[23][0] ;
; PRESERVE_REGISTER ; on    ; -    ; rom_data_register[22][7] ;
; PRESERVE_REGISTER ; on    ; -    ; rom_data_register[22][6] ;
; PRESERVE_REGISTER ; on    ; -    ; rom_data_register[22][5] ;
; PRESERVE_REGISTER ; on    ; -    ; rom_data_register[22][4] ;
; PRESERVE_REGISTER ; on    ; -    ; rom_data_register[22][3] ;
; PRESERVE_REGISTER ; on    ; -    ; rom_data_register[22][2] ;
; PRESERVE_REGISTER ; on    ; -    ; rom_data_register[22][1] ;
; PRESERVE_REGISTER ; on    ; -    ; rom_data_register[22][0] ;
; PRESERVE_REGISTER ; on    ; -    ; rom_data_register[21][7] ;
; PRESERVE_REGISTER ; on    ; -    ; rom_data_register[21][6] ;
; PRESERVE_REGISTER ; on    ; -    ; rom_data_register[21][5] ;
; PRESERVE_REGISTER ; on    ; -    ; rom_data_register[21][4] ;
; PRESERVE_REGISTER ; on    ; -    ; rom_data_register[21][3] ;
; PRESERVE_REGISTER ; on    ; -    ; rom_data_register[21][2] ;
; PRESERVE_REGISTER ; on    ; -    ; rom_data_register[21][1] ;
; PRESERVE_REGISTER ; on    ; -    ; rom_data_register[21][0] ;
; PRESERVE_REGISTER ; on    ; -    ; rom_data_register[20][7] ;
; PRESERVE_REGISTER ; on    ; -    ; rom_data_register[20][6] ;
; PRESERVE_REGISTER ; on    ; -    ; rom_data_register[20][5] ;
; PRESERVE_REGISTER ; on    ; -    ; rom_data_register[20][4] ;
; PRESERVE_REGISTER ; on    ; -    ; rom_data_register[20][3] ;
; PRESERVE_REGISTER ; on    ; -    ; rom_data_register[20][2] ;
; PRESERVE_REGISTER ; on    ; -    ; rom_data_register[20][1] ;
; PRESERVE_REGISTER ; on    ; -    ; rom_data_register[20][0] ;
; PRESERVE_REGISTER ; on    ; -    ; rom_data_register[19][7] ;
; PRESERVE_REGISTER ; on    ; -    ; rom_data_register[19][6] ;
; PRESERVE_REGISTER ; on    ; -    ; rom_data_register[19][5] ;
; PRESERVE_REGISTER ; on    ; -    ; rom_data_register[19][4] ;
; PRESERVE_REGISTER ; on    ; -    ; rom_data_register[19][3] ;
; PRESERVE_REGISTER ; on    ; -    ; rom_data_register[19][2] ;
; PRESERVE_REGISTER ; on    ; -    ; rom_data_register[19][1] ;
; PRESERVE_REGISTER ; on    ; -    ; rom_data_register[19][0] ;
; PRESERVE_REGISTER ; on    ; -    ; rom_data_register[18][7] ;
; PRESERVE_REGISTER ; on    ; -    ; rom_data_register[18][6] ;
; PRESERVE_REGISTER ; on    ; -    ; rom_data_register[18][5] ;
; PRESERVE_REGISTER ; on    ; -    ; rom_data_register[18][4] ;
; PRESERVE_REGISTER ; on    ; -    ; rom_data_register[18][3] ;
; PRESERVE_REGISTER ; on    ; -    ; rom_data_register[18][2] ;
; PRESERVE_REGISTER ; on    ; -    ; rom_data_register[18][1] ;
; PRESERVE_REGISTER ; on    ; -    ; rom_data_register[18][0] ;
; PRESERVE_REGISTER ; on    ; -    ; rom_data_register[17][7] ;
; PRESERVE_REGISTER ; on    ; -    ; rom_data_register[17][6] ;
; PRESERVE_REGISTER ; on    ; -    ; rom_data_register[17][5] ;
; PRESERVE_REGISTER ; on    ; -    ; rom_data_register[17][4] ;
; PRESERVE_REGISTER ; on    ; -    ; rom_data_register[17][3] ;
; PRESERVE_REGISTER ; on    ; -    ; rom_data_register[17][2] ;
; PRESERVE_REGISTER ; on    ; -    ; rom_data_register[17][1] ;
; PRESERVE_REGISTER ; on    ; -    ; rom_data_register[17][0] ;
; PRESERVE_REGISTER ; on    ; -    ; rom_data_register[16][7] ;
; PRESERVE_REGISTER ; on    ; -    ; rom_data_register[16][6] ;
; PRESERVE_REGISTER ; on    ; -    ; rom_data_register[16][5] ;
; PRESERVE_REGISTER ; on    ; -    ; rom_data_register[16][4] ;
; PRESERVE_REGISTER ; on    ; -    ; rom_data_register[16][3] ;
; PRESERVE_REGISTER ; on    ; -    ; rom_data_register[16][2] ;
; PRESERVE_REGISTER ; on    ; -    ; rom_data_register[16][1] ;
; PRESERVE_REGISTER ; on    ; -    ; rom_data_register[16][0] ;
; PRESERVE_REGISTER ; on    ; -    ; rom_data_register[15][7] ;
; PRESERVE_REGISTER ; on    ; -    ; rom_data_register[15][6] ;
; PRESERVE_REGISTER ; on    ; -    ; rom_data_register[15][5] ;
; PRESERVE_REGISTER ; on    ; -    ; rom_data_register[15][4] ;
; PRESERVE_REGISTER ; on    ; -    ; rom_data_register[15][3] ;
; PRESERVE_REGISTER ; on    ; -    ; rom_data_register[15][2] ;
; PRESERVE_REGISTER ; on    ; -    ; rom_data_register[15][1] ;
; PRESERVE_REGISTER ; on    ; -    ; rom_data_register[15][0] ;
; PRESERVE_REGISTER ; on    ; -    ; rom_data_register[14][7] ;
; PRESERVE_REGISTER ; on    ; -    ; rom_data_register[14][6] ;
; PRESERVE_REGISTER ; on    ; -    ; rom_data_register[14][5] ;
; PRESERVE_REGISTER ; on    ; -    ; rom_data_register[14][4] ;
; PRESERVE_REGISTER ; on    ; -    ; rom_data_register[14][3] ;
; PRESERVE_REGISTER ; on    ; -    ; rom_data_register[14][2] ;
; PRESERVE_REGISTER ; on    ; -    ; rom_data_register[14][1] ;
; PRESERVE_REGISTER ; on    ; -    ; rom_data_register[14][0] ;
; PRESERVE_REGISTER ; on    ; -    ; rom_data_register[13][7] ;
; PRESERVE_REGISTER ; on    ; -    ; rom_data_register[13][6] ;
; PRESERVE_REGISTER ; on    ; -    ; rom_data_register[13][5] ;
; PRESERVE_REGISTER ; on    ; -    ; rom_data_register[13][4] ;
; PRESERVE_REGISTER ; on    ; -    ; rom_data_register[13][3] ;
; PRESERVE_REGISTER ; on    ; -    ; rom_data_register[13][2] ;
; PRESERVE_REGISTER ; on    ; -    ; rom_data_register[13][1] ;
; PRESERVE_REGISTER ; on    ; -    ; rom_data_register[13][0] ;
; PRESERVE_REGISTER ; on    ; -    ; rom_data_register[12][7] ;
; PRESERVE_REGISTER ; on    ; -    ; rom_data_register[12][6] ;
; PRESERVE_REGISTER ; on    ; -    ; rom_data_register[12][5] ;
; PRESERVE_REGISTER ; on    ; -    ; rom_data_register[12][4] ;
; PRESERVE_REGISTER ; on    ; -    ; rom_data_register[12][3] ;
; PRESERVE_REGISTER ; on    ; -    ; rom_data_register[12][2] ;
; PRESERVE_REGISTER ; on    ; -    ; rom_data_register[12][1] ;
; PRESERVE_REGISTER ; on    ; -    ; rom_data_register[12][0] ;
; PRESERVE_REGISTER ; on    ; -    ; rom_data_register[11][7] ;
; PRESERVE_REGISTER ; on    ; -    ; rom_data_register[11][6] ;
; PRESERVE_REGISTER ; on    ; -    ; rom_data_register[11][5] ;
; PRESERVE_REGISTER ; on    ; -    ; rom_data_register[11][4] ;
; PRESERVE_REGISTER ; on    ; -    ; rom_data_register[11][3] ;
; PRESERVE_REGISTER ; on    ; -    ; rom_data_register[11][2] ;
; PRESERVE_REGISTER ; on    ; -    ; rom_data_register[11][1] ;
; PRESERVE_REGISTER ; on    ; -    ; rom_data_register[11][0] ;
; PRESERVE_REGISTER ; on    ; -    ; rom_data_register[10][7] ;
; PRESERVE_REGISTER ; on    ; -    ; rom_data_register[10][6] ;
; PRESERVE_REGISTER ; on    ; -    ; rom_data_register[10][5] ;
; PRESERVE_REGISTER ; on    ; -    ; rom_data_register[10][4] ;
; PRESERVE_REGISTER ; on    ; -    ; rom_data_register[10][3] ;
; PRESERVE_REGISTER ; on    ; -    ; rom_data_register[10][2] ;
; PRESERVE_REGISTER ; on    ; -    ; rom_data_register[10][1] ;
; PRESERVE_REGISTER ; on    ; -    ; rom_data_register[10][0] ;
; PRESERVE_REGISTER ; on    ; -    ; rom_data_register[9][7]  ;
; PRESERVE_REGISTER ; on    ; -    ; rom_data_register[9][6]  ;
; PRESERVE_REGISTER ; on    ; -    ; rom_data_register[9][5]  ;
; PRESERVE_REGISTER ; on    ; -    ; rom_data_register[9][4]  ;
; PRESERVE_REGISTER ; on    ; -    ; rom_data_register[9][3]  ;
; PRESERVE_REGISTER ; on    ; -    ; rom_data_register[9][2]  ;
; PRESERVE_REGISTER ; on    ; -    ; rom_data_register[9][1]  ;
; PRESERVE_REGISTER ; on    ; -    ; rom_data_register[9][0]  ;
; PRESERVE_REGISTER ; on    ; -    ; rom_data_register[8][7]  ;
; PRESERVE_REGISTER ; on    ; -    ; rom_data_register[8][6]  ;
; PRESERVE_REGISTER ; on    ; -    ; rom_data_register[8][5]  ;
; PRESERVE_REGISTER ; on    ; -    ; rom_data_register[8][4]  ;
; PRESERVE_REGISTER ; on    ; -    ; rom_data_register[8][3]  ;
; PRESERVE_REGISTER ; on    ; -    ; rom_data_register[8][2]  ;
; PRESERVE_REGISTER ; on    ; -    ; rom_data_register[8][1]  ;
; PRESERVE_REGISTER ; on    ; -    ; rom_data_register[8][0]  ;
; PRESERVE_REGISTER ; on    ; -    ; rom_data_register[7][7]  ;
; PRESERVE_REGISTER ; on    ; -    ; rom_data_register[7][6]  ;
; PRESERVE_REGISTER ; on    ; -    ; rom_data_register[7][5]  ;
; PRESERVE_REGISTER ; on    ; -    ; rom_data_register[7][4]  ;
; PRESERVE_REGISTER ; on    ; -    ; rom_data_register[7][3]  ;
; PRESERVE_REGISTER ; on    ; -    ; rom_data_register[7][2]  ;
; PRESERVE_REGISTER ; on    ; -    ; rom_data_register[7][1]  ;
; PRESERVE_REGISTER ; on    ; -    ; rom_data_register[7][0]  ;
; PRESERVE_REGISTER ; on    ; -    ; rom_data_register[6][7]  ;
; PRESERVE_REGISTER ; on    ; -    ; rom_data_register[6][6]  ;
; PRESERVE_REGISTER ; on    ; -    ; rom_data_register[6][5]  ;
; PRESERVE_REGISTER ; on    ; -    ; rom_data_register[6][4]  ;
; PRESERVE_REGISTER ; on    ; -    ; rom_data_register[6][3]  ;
; PRESERVE_REGISTER ; on    ; -    ; rom_data_register[6][2]  ;
; PRESERVE_REGISTER ; on    ; -    ; rom_data_register[6][1]  ;
; PRESERVE_REGISTER ; on    ; -    ; rom_data_register[6][0]  ;
; PRESERVE_REGISTER ; on    ; -    ; rom_data_register[5][7]  ;
; PRESERVE_REGISTER ; on    ; -    ; rom_data_register[5][6]  ;
; PRESERVE_REGISTER ; on    ; -    ; rom_data_register[5][5]  ;
; PRESERVE_REGISTER ; on    ; -    ; rom_data_register[5][4]  ;
; PRESERVE_REGISTER ; on    ; -    ; rom_data_register[5][3]  ;
; PRESERVE_REGISTER ; on    ; -    ; rom_data_register[5][2]  ;
; PRESERVE_REGISTER ; on    ; -    ; rom_data_register[5][1]  ;
; PRESERVE_REGISTER ; on    ; -    ; rom_data_register[5][0]  ;
; PRESERVE_REGISTER ; on    ; -    ; rom_data_register[4][7]  ;
; PRESERVE_REGISTER ; on    ; -    ; rom_data_register[4][6]  ;
; PRESERVE_REGISTER ; on    ; -    ; rom_data_register[4][5]  ;
; PRESERVE_REGISTER ; on    ; -    ; rom_data_register[4][4]  ;
; PRESERVE_REGISTER ; on    ; -    ; rom_data_register[4][3]  ;
; PRESERVE_REGISTER ; on    ; -    ; rom_data_register[4][2]  ;
; PRESERVE_REGISTER ; on    ; -    ; rom_data_register[4][1]  ;
; PRESERVE_REGISTER ; on    ; -    ; rom_data_register[4][0]  ;
; PRESERVE_REGISTER ; on    ; -    ; rom_data_register[3][7]  ;
; PRESERVE_REGISTER ; on    ; -    ; rom_data_register[3][6]  ;
; PRESERVE_REGISTER ; on    ; -    ; rom_data_register[3][5]  ;
; PRESERVE_REGISTER ; on    ; -    ; rom_data_register[3][4]  ;
; PRESERVE_REGISTER ; on    ; -    ; rom_data_register[3][3]  ;
; PRESERVE_REGISTER ; on    ; -    ; rom_data_register[3][2]  ;
; PRESERVE_REGISTER ; on    ; -    ; rom_data_register[3][1]  ;
; PRESERVE_REGISTER ; on    ; -    ; rom_data_register[3][0]  ;
; PRESERVE_REGISTER ; on    ; -    ; rom_data_register[2][7]  ;
; PRESERVE_REGISTER ; on    ; -    ; rom_data_register[2][6]  ;
; PRESERVE_REGISTER ; on    ; -    ; rom_data_register[2][5]  ;
; PRESERVE_REGISTER ; on    ; -    ; rom_data_register[2][4]  ;
; PRESERVE_REGISTER ; on    ; -    ; rom_data_register[2][3]  ;
; PRESERVE_REGISTER ; on    ; -    ; rom_data_register[2][2]  ;
; PRESERVE_REGISTER ; on    ; -    ; rom_data_register[2][1]  ;
; PRESERVE_REGISTER ; on    ; -    ; rom_data_register[2][0]  ;
; PRESERVE_REGISTER ; on    ; -    ; rom_data_register[1][7]  ;
; PRESERVE_REGISTER ; on    ; -    ; rom_data_register[1][6]  ;
; PRESERVE_REGISTER ; on    ; -    ; rom_data_register[1][5]  ;
; PRESERVE_REGISTER ; on    ; -    ; rom_data_register[1][4]  ;
; PRESERVE_REGISTER ; on    ; -    ; rom_data_register[1][3]  ;
; PRESERVE_REGISTER ; on    ; -    ; rom_data_register[1][2]  ;
; PRESERVE_REGISTER ; on    ; -    ; rom_data_register[1][1]  ;
; PRESERVE_REGISTER ; on    ; -    ; rom_data_register[1][0]  ;
; PRESERVE_REGISTER ; on    ; -    ; rom_data_register[0][7]  ;
; PRESERVE_REGISTER ; on    ; -    ; rom_data_register[0][6]  ;
; PRESERVE_REGISTER ; on    ; -    ; rom_data_register[0][5]  ;
; PRESERVE_REGISTER ; on    ; -    ; rom_data_register[0][4]  ;
; PRESERVE_REGISTER ; on    ; -    ; rom_data_register[0][3]  ;
; PRESERVE_REGISTER ; on    ; -    ; rom_data_register[0][2]  ;
; PRESERVE_REGISTER ; on    ; -    ; rom_data_register[0][1]  ;
; PRESERVE_REGISTER ; on    ; -    ; rom_data_register[0][0]  ;
+-------------------+-------+------+--------------------------+


+-----------------------------------------------------+
; Post-Synthesis Netlist Statistics for Top Partition ;
+-----------------------+-----------------------------+
; Type                  ; Count                       ;
+-----------------------+-----------------------------+
; arriav_ff             ; 269                         ;
;     ENA               ; 256                         ;
;     SCLR              ; 7                           ;
;     plain             ; 6                           ;
; arriav_lcell_comb     ; 62                          ;
;     arith             ; 7                           ;
;         1 data inputs ; 7                           ;
;     normal            ; 55                          ;
;         1 data inputs ; 1                           ;
;         2 data inputs ; 2                           ;
;         3 data inputs ; 3                           ;
;         4 data inputs ; 14                          ;
;         5 data inputs ; 23                          ;
;         6 data inputs ; 12                          ;
; boundary_port         ; 273                         ;
;                       ;                             ;
; Max LUT depth         ; 2.60                        ;
; Average LUT depth     ; 0.48                        ;
+-----------------------+-----------------------------+


+-------------------------------+
; Elapsed Time Per Partition    ;
+----------------+--------------+
; Partition Name ; Elapsed Time ;
+----------------+--------------+
; Top            ; 00:00:00     ;
+----------------+--------------+


+-------------------------------+
; Analysis & Synthesis Messages ;
+-------------------------------+
Info: *******************************************************************
Info: Running Quartus Prime Analysis & Synthesis
    Info: Version 16.1.2 Build 203 01/18/2017 SJ Lite Edition
    Info: Processing started: Thu Jun 13 12:41:04 2024
Info: Command: quartus_map --read_settings_files=on --write_settings_files=off rom_reader -c rom_reader
Warning (18236): Number of processors has not been specified which may cause overloading on shared machines.  Set the global assignment NUM_PARALLEL_PROCESSORS in your QSF to an appropriate value for best performance.
Info (20030): Parallel compilation is enabled and will use 6 of the 6 processors detected
Warning (12125): Using design file rom_reader.sv, which is not specified as a design file for the current project, but contains definitions for 1 design units and 1 entities in project
    Info (12023): Found entity 1: rom_reader File: C:/Users/eldad/OneDrive/Desktop/CPEN311/LAB4/RC4_Breaker/rtl/rom_reader/rom_reader.sv Line: 5
Info (12127): Elaborating entity "rom_reader" for the top level hierarchy
Warning (10230): Verilog HDL assignment warning at rom_reader.sv(52): truncated value with size 32 to match size of target (7) File: C:/Users/eldad/OneDrive/Desktop/CPEN311/LAB4/RC4_Breaker/rtl/rom_reader/rom_reader.sv Line: 52
Info (286030): Timing-Driven Synthesis is running
Info (17049): 2 registers lost all their fanouts during netlist optimizations.
Info (144001): Generated suppressed messages file C:/Users/eldad/OneDrive/Desktop/CPEN311/LAB4/RC4_Breaker/rtl/rom_reader/output_files/rom_reader.map.smsg
Info (16010): Generating hard_block partition "hard_block:auto_generated_inst"
    Info (16011): Adding 0 node(s), including 0 DDIO, 0 PLL, 0 transceiver and 0 LCELL
Info (21057): Implemented 591 device resources after synthesis - the final resource count might be different
    Info (21058): Implemented 10 input pins
    Info (21059): Implemented 263 output pins
    Info (21061): Implemented 318 logic cells
Info: Quartus Prime Analysis & Synthesis was successful. 0 errors, 3 warnings
    Info: Peak virtual memory: 4846 megabytes
    Info: Processing ended: Thu Jun 13 12:41:12 2024
    Info: Elapsed time: 00:00:08
    Info: Total CPU time (on all processors): 00:00:17


+------------------------------------------+
; Analysis & Synthesis Suppressed Messages ;
+------------------------------------------+
The suppressed messages can be found in C:/Users/eldad/OneDrive/Desktop/CPEN311/LAB4/RC4_Breaker/rtl/rom_reader/output_files/rom_reader.map.smsg.


