Flow report for rc4
Thu Jun 13 11:16:35 2024
Quartus Prime Version 16.1.2 Build 203 01/18/2017 SJ Lite Edition


---------------------
; Table of Contents ;
---------------------
  1. Legal Notice
  2. Flow Summary
  3. Flow Settings
  4. Flow Non-Default Global Settings
  5. Flow Elapsed Time
  6. Flow OS Summary
  7. Flow Log
  8. Flow Messages
  9. Flow Suppressed Messages



----------------
; Legal Notice ;
----------------
Copyright (C) 2017  Intel Corporation. All rights reserved.
Your use of Intel Corporation's design tools, logic functions 
and other software and tools, and its AMPP partner logic 
functions, and any output files from any of the foregoing 
(including device programming or simulation files), and any 
associated documentation or information are expressly subject 
to the terms and conditions of the Intel Program License 
Subscription Agreement, the Intel Quartus Prime License Agreement,
the Intel MegaCore Function License Agreement, or other 
applicable license agreement, including, without limitation, 
that your use is for the sole purpose of programming logic 
devices manufactured by Intel and sold by Intel or its 
authorized distributors.  Please refer to the applicable 
agreement for further details.



+-------------------------------------------------------------------------------+
; Flow Summary                                                                  ;
+---------------------------------+---------------------------------------------+
; Flow Status                     ; Successful - Thu Jun 13 11:16:06 2024       ;
; Quartus Prime Version           ; 16.1.2 Build 203 01/18/2017 SJ Lite Edition ;
; Revision Name                   ; rc4                                         ;
; Top-level Entity Name           ; ksa                                         ;
; Family                          ; Cyclone V                                   ;
; Device                          ; 5CSEMA5F31C6                                ;
; Timing Models                   ; Final                                       ;
; Logic utilization (in ALMs)     ; 1,041 / 32,070 ( 3 % )                      ;
; Total registers                 ; 2419                                        ;
; Total pins                      ; 23 / 457 ( 5 % )                            ;
; Total virtual pins              ; 0                                           ;
; Total block memory bits         ; 15,488 / 4,065,280 ( < 1 % )                ;
; Total DSP Blocks                ; 0 / 87 ( 0 % )                              ;
; Total HSSI RX PCSs              ; 0                                           ;
; Total HSSI PMA RX Deserializers ; 0                                           ;
; Total HSSI TX PCSs              ; 0                                           ;
; Total HSSI PMA TX Serializers   ; 0                                           ;
; Total PLLs                      ; 0 / 6 ( 0 % )                               ;
; Total DLLs                      ; 0 / 4 ( 0 % )                               ;
+---------------------------------+---------------------------------------------+


+-----------------------------------------+
; Flow Settings                           ;
+-------------------+---------------------+
; Option            ; Setting             ;
+-------------------+---------------------+
; Start date & time ; 06/13/2024 11:14:13 ;
; Main task         ; Compilation         ;
; Revision Name     ; rc4                 ;
+-------------------+---------------------+


+------------------------------------------------------------------------------------------------------------------------------------------------------------------------------------------------------------------------------------------------------------------------------------------------------------------------------------------------------------------------------------------------+
; Flow Non-Default Global Settings                                                                                                                                                                                                                                                                                                                                                               ;
+---------------------------------------------------+------------------------------------------------------------------------------------------------------------------------------------------------------------------------------------------------------------------------------------------------------------------------------------------+--------------------+-------------+--------------+
; Assignment Name                                   ; Value                                                                                                                                                                                                                                                                                    ; Default Value      ; Entity Name ; Section Id   ;
+---------------------------------------------------+------------------------------------------------------------------------------------------------------------------------------------------------------------------------------------------------------------------------------------------------------------------------------------------+--------------------+-------------+--------------+
; AUTO_RAM_RECOGNITION                              ; Off                                                                                                                                                                                                                                                                                      ; On                 ; --          ; --           ;
; AUTO_ROM_RECOGNITION                              ; Off                                                                                                                                                                                                                                                                                      ; On                 ; --          ; --           ;
; BLOCK_RAM_AND_MLAB_EQUIVALENT_POWER_UP_CONDITIONS ; Care                                                                                                                                                                                                                                                                                     ; Auto               ; --          ; --           ;
; COMPILER_SIGNATURE_ID                             ; 141812765405310.171830245315064                                                                                                                                                                                                                                                          ; --                 ; --          ; --           ;
; ENABLE_SIGNALTAP                                  ; On                                                                                                                                                                                                                                                                                       ; --                 ; --          ; --           ;
; EXTRACT_VERILOG_STATE_MACHINES                    ; Off                                                                                                                                                                                                                                                                                      ; On                 ; --          ; --           ;
; EXTRACT_VHDL_STATE_MACHINES                       ; Off                                                                                                                                                                                                                                                                                      ; On                 ; --          ; --           ;
; FITTER_EFFORT                                     ; Standard Fit                                                                                                                                                                                                                                                                             ; Auto Fit           ; --          ; --           ;
; MAX_CORE_JUNCTION_TEMP                            ; 85                                                                                                                                                                                                                                                                                       ; --                 ; --          ; --           ;
; MIN_CORE_JUNCTION_TEMP                            ; 0                                                                                                                                                                                                                                                                                        ; --                 ; --          ; --           ;
; MISC_FILE                                         ; s_memory.cmp                                                                                                                                                                                                                                                                             ; --                 ; --          ; --           ;
; MISC_FILE                                         ; encrypted_data_memory_bb.v                                                                                                                                                                                                                                                               ; --                 ; --          ; --           ;
; MISC_FILE                                         ; encrypted_data_memory.cmp                                                                                                                                                                                                                                                                ; --                 ; --          ; --           ;
; OPTIMIZE_POWER_DURING_SYNTHESIS                   ; Off                                                                                                                                                                                                                                                                                      ; Normal compilation ; --          ; --           ;
; PARTITION_COLOR                                   ; -- (Not supported for targeted family)                                                                                                                                                                                                                                                   ; --                 ; ksa         ; Top          ;
; PARTITION_FITTER_PRESERVATION_LEVEL               ; -- (Not supported for targeted family)                                                                                                                                                                                                                                                   ; --                 ; ksa         ; Top          ;
; PARTITION_NETLIST_TYPE                            ; -- (Not supported for targeted family)                                                                                                                                                                                                                                                   ; --                 ; ksa         ; Top          ;
; PHYSICAL_SYNTHESIS_EFFORT                         ; Fast                                                                                                                                                                                                                                                                                     ; Normal             ; --          ; --           ;
; PHYSICAL_SYNTHESIS_REGISTER_RETIMING              ; On                                                                                                                                                                                                                                                                                       ; Off                ; --          ; --           ;
; POWER_BOARD_THERMAL_MODEL                         ; None (CONSERVATIVE)                                                                                                                                                                                                                                                                      ; --                 ; --          ; --           ;
; POWER_PRESET_COOLING_SOLUTION                     ; 23 MM HEAT SINK WITH 200 LFPM AIRFLOW                                                                                                                                                                                                                                                    ; --                 ; --          ; --           ;
; PROJECT_OUTPUT_DIRECTORY                          ; output_files                                                                                                                                                                                                                                                                             ; --                 ; --          ; --           ;
; ROUTER_CLOCKING_TOPOLOGY_ANALYSIS                 ; On                                                                                                                                                                                                                                                                                       ; Off                ; --          ; --           ;
; SEARCH_PATH                                       ; task2                                                                                                                                                                                                                                                                                    ; --                 ; --          ; --           ;
; SEARCH_PATH                                       ; task1                                                                                                                                                                                                                                                                                    ; --                 ; --          ; --           ;
; SLD_FILE                                          ; db/SignalTap_auto_stripped.stp                                                                                                                                                                                                                                                           ; --                 ; --          ; --           ;
; SLD_NODE_CREATOR_ID                               ; 110                                                                                                                                                                                                                                                                                      ; --                 ; --          ; Shuffle_mem  ;
; SLD_NODE_CREATOR_ID                               ; 110                                                                                                                                                                                                                                                                                      ; --                 ; --          ; time_machine ;
; SLD_NODE_CREATOR_ID                               ; 110                                                                                                                                                                                                                                                                                      ; --                 ; --          ; switches     ;
; SLD_NODE_ENTITY_NAME                              ; sld_signaltap                                                                                                                                                                                                                                                                            ; --                 ; --          ; Shuffle_mem  ;
; SLD_NODE_ENTITY_NAME                              ; sld_signaltap                                                                                                                                                                                                                                                                            ; --                 ; --          ; time_machine ;
; SLD_NODE_ENTITY_NAME                              ; sld_signaltap                                                                                                                                                                                                                                                                            ; --                 ; --          ; switches     ;
; SLD_NODE_PARAMETER_ASSIGNMENT                     ; SLD_RAM_BLOCK_TYPE=AUTO                                                                                                                                                                                                                                                                  ; --                 ; --          ; Shuffle_mem  ;
; SLD_NODE_PARAMETER_ASSIGNMENT                     ; SLD_NODE_INFO=805334530                                                                                                                                                                                                                                                                  ; --                 ; --          ; Shuffle_mem  ;
; SLD_NODE_PARAMETER_ASSIGNMENT                     ; SLD_POWER_UP_TRIGGER=0                                                                                                                                                                                                                                                                   ; --                 ; --          ; Shuffle_mem  ;
; SLD_NODE_PARAMETER_ASSIGNMENT                     ; SLD_STORAGE_QUALIFIER_INVERSION_MASK_LENGTH=0                                                                                                                                                                                                                                            ; --                 ; --          ; Shuffle_mem  ;
; SLD_NODE_PARAMETER_ASSIGNMENT                     ; SLD_SEGMENT_SIZE=128                                                                                                                                                                                                                                                                     ; --                 ; --          ; Shuffle_mem  ;
; SLD_NODE_PARAMETER_ASSIGNMENT                     ; SLD_ATTRIBUTE_MEM_MODE=OFF                                                                                                                                                                                                                                                               ; --                 ; --          ; Shuffle_mem  ;
; SLD_NODE_PARAMETER_ASSIGNMENT                     ; SLD_STATE_FLOW_USE_GENERATED=0                                                                                                                                                                                                                                                           ; --                 ; --          ; Shuffle_mem  ;
; SLD_NODE_PARAMETER_ASSIGNMENT                     ; SLD_STATE_BITS=11                                                                                                                                                                                                                                                                        ; --                 ; --          ; Shuffle_mem  ;
; SLD_NODE_PARAMETER_ASSIGNMENT                     ; SLD_BUFFER_FULL_STOP=1                                                                                                                                                                                                                                                                   ; --                 ; --          ; Shuffle_mem  ;
; SLD_NODE_PARAMETER_ASSIGNMENT                     ; SLD_CURRENT_RESOURCE_WIDTH=1                                                                                                                                                                                                                                                             ; --                 ; --          ; Shuffle_mem  ;
; SLD_NODE_PARAMETER_ASSIGNMENT                     ; SLD_INCREMENTAL_ROUTING=1                                                                                                                                                                                                                                                                ; --                 ; --          ; Shuffle_mem  ;
; SLD_NODE_PARAMETER_ASSIGNMENT                     ; SLD_TRIGGER_LEVEL=1                                                                                                                                                                                                                                                                      ; --                 ; --          ; Shuffle_mem  ;
; SLD_NODE_PARAMETER_ASSIGNMENT                     ; SLD_SAMPLE_DEPTH=128                                                                                                                                                                                                                                                                     ; --                 ; --          ; Shuffle_mem  ;
; SLD_NODE_PARAMETER_ASSIGNMENT                     ; SLD_TRIGGER_IN_ENABLED=0                                                                                                                                                                                                                                                                 ; --                 ; --          ; Shuffle_mem  ;
; SLD_NODE_PARAMETER_ASSIGNMENT                     ; SLD_TRIGGER_PIPELINE=0                                                                                                                                                                                                                                                                   ; --                 ; --          ; Shuffle_mem  ;
; SLD_NODE_PARAMETER_ASSIGNMENT                     ; SLD_RAM_PIPELINE=0                                                                                                                                                                                                                                                                       ; --                 ; --          ; Shuffle_mem  ;
; SLD_NODE_PARAMETER_ASSIGNMENT                     ; SLD_COUNTER_PIPELINE=0                                                                                                                                                                                                                                                                   ; --                 ; --          ; Shuffle_mem  ;
; SLD_NODE_PARAMETER_ASSIGNMENT                     ; SLD_ADVANCED_TRIGGER_ENTITY=basic,1,                                                                                                                                                                                                                                                     ; --                 ; --          ; Shuffle_mem  ;
; SLD_NODE_PARAMETER_ASSIGNMENT                     ; SLD_TRIGGER_LEVEL_PIPELINE=1                                                                                                                                                                                                                                                             ; --                 ; --          ; Shuffle_mem  ;
; SLD_NODE_PARAMETER_ASSIGNMENT                     ; SLD_ENABLE_ADVANCED_TRIGGER=0                                                                                                                                                                                                                                                            ; --                 ; --          ; Shuffle_mem  ;
; SLD_NODE_PARAMETER_ASSIGNMENT                     ; SLD_DATA_BITS=80                                                                                                                                                                                                                                                                         ; --                 ; --          ; Shuffle_mem  ;
; SLD_NODE_PARAMETER_ASSIGNMENT                     ; SLD_TRIGGER_BITS=80                                                                                                                                                                                                                                                                      ; --                 ; --          ; Shuffle_mem  ;
; SLD_NODE_PARAMETER_ASSIGNMENT                     ; SLD_STORAGE_QUALIFIER_BITS=80                                                                                                                                                                                                                                                            ; --                 ; --          ; Shuffle_mem  ;
; SLD_NODE_PARAMETER_ASSIGNMENT                     ; SLD_INVERSION_MASK=000000000000000000000000000000000000000000000000000000000000000000000000000000000000000000000000000000000000000000000000000000000000000000000000000000000000000000000000000000000000000000000000000000000000000000000000000000000000000000000000000000000000000000000 ; --                 ; --          ; Shuffle_mem  ;
; SLD_NODE_PARAMETER_ASSIGNMENT                     ; SLD_INVERSION_MASK_LENGTH=261                                                                                                                                                                                                                                                            ; --                 ; --          ; Shuffle_mem  ;
; SLD_NODE_PARAMETER_ASSIGNMENT                     ; SLD_RAM_BLOCK_TYPE=AUTO                                                                                                                                                                                                                                                                  ; --                 ; --          ; time_machine ;
; SLD_NODE_PARAMETER_ASSIGNMENT                     ; SLD_DATA_BITS=11                                                                                                                                                                                                                                                                         ; --                 ; --          ; time_machine ;
; SLD_NODE_PARAMETER_ASSIGNMENT                     ; SLD_TRIGGER_BITS=11                                                                                                                                                                                                                                                                      ; --                 ; --          ; time_machine ;
; SLD_NODE_PARAMETER_ASSIGNMENT                     ; SLD_STORAGE_QUALIFIER_BITS=11                                                                                                                                                                                                                                                            ; --                 ; --          ; time_machine ;
; SLD_NODE_PARAMETER_ASSIGNMENT                     ; SLD_NODE_INFO=805334531                                                                                                                                                                                                                                                                  ; --                 ; --          ; time_machine ;
; SLD_NODE_PARAMETER_ASSIGNMENT                     ; SLD_POWER_UP_TRIGGER=0                                                                                                                                                                                                                                                                   ; --                 ; --          ; time_machine ;
; SLD_NODE_PARAMETER_ASSIGNMENT                     ; SLD_INVERSION_MASK=000000000000000000000000000000000000000000000000000000                                                                                                                                                                                                                ; --                 ; --          ; time_machine ;
; SLD_NODE_PARAMETER_ASSIGNMENT                     ; SLD_INVERSION_MASK_LENGTH=54                                                                                                                                                                                                                                                             ; --                 ; --          ; time_machine ;
; SLD_NODE_PARAMETER_ASSIGNMENT                     ; SLD_STORAGE_QUALIFIER_INVERSION_MASK_LENGTH=0                                                                                                                                                                                                                                            ; --                 ; --          ; time_machine ;
; SLD_NODE_PARAMETER_ASSIGNMENT                     ; SLD_SEGMENT_SIZE=128                                                                                                                                                                                                                                                                     ; --                 ; --          ; time_machine ;
; SLD_NODE_PARAMETER_ASSIGNMENT                     ; SLD_ATTRIBUTE_MEM_MODE=OFF                                                                                                                                                                                                                                                               ; --                 ; --          ; time_machine ;
; SLD_NODE_PARAMETER_ASSIGNMENT                     ; SLD_STATE_FLOW_USE_GENERATED=0                                                                                                                                                                                                                                                           ; --                 ; --          ; time_machine ;
; SLD_NODE_PARAMETER_ASSIGNMENT                     ; SLD_STATE_BITS=11                                                                                                                                                                                                                                                                        ; --                 ; --          ; time_machine ;
; SLD_NODE_PARAMETER_ASSIGNMENT                     ; SLD_BUFFER_FULL_STOP=1                                                                                                                                                                                                                                                                   ; --                 ; --          ; time_machine ;
; SLD_NODE_PARAMETER_ASSIGNMENT                     ; SLD_CURRENT_RESOURCE_WIDTH=1                                                                                                                                                                                                                                                             ; --                 ; --          ; time_machine ;
; SLD_NODE_PARAMETER_ASSIGNMENT                     ; SLD_INCREMENTAL_ROUTING=1                                                                                                                                                                                                                                                                ; --                 ; --          ; time_machine ;
; SLD_NODE_PARAMETER_ASSIGNMENT                     ; SLD_TRIGGER_LEVEL=1                                                                                                                                                                                                                                                                      ; --                 ; --          ; time_machine ;
; SLD_NODE_PARAMETER_ASSIGNMENT                     ; SLD_SAMPLE_DEPTH=128                                                                                                                                                                                                                                                                     ; --                 ; --          ; time_machine ;
; SLD_NODE_PARAMETER_ASSIGNMENT                     ; SLD_TRIGGER_IN_ENABLED=0                                                                                                                                                                                                                                                                 ; --                 ; --          ; time_machine ;
; SLD_NODE_PARAMETER_ASSIGNMENT                     ; SLD_TRIGGER_PIPELINE=0                                                                                                                                                                                                                                                                   ; --                 ; --          ; time_machine ;
; SLD_NODE_PARAMETER_ASSIGNMENT                     ; SLD_RAM_PIPELINE=0                                                                                                                                                                                                                                                                       ; --                 ; --          ; time_machine ;
; SLD_NODE_PARAMETER_ASSIGNMENT                     ; SLD_COUNTER_PIPELINE=0                                                                                                                                                                                                                                                                   ; --                 ; --          ; time_machine ;
; SLD_NODE_PARAMETER_ASSIGNMENT                     ; SLD_ADVANCED_TRIGGER_ENTITY=basic,1,                                                                                                                                                                                                                                                     ; --                 ; --          ; time_machine ;
; SLD_NODE_PARAMETER_ASSIGNMENT                     ; SLD_TRIGGER_LEVEL_PIPELINE=1                                                                                                                                                                                                                                                             ; --                 ; --          ; time_machine ;
; SLD_NODE_PARAMETER_ASSIGNMENT                     ; SLD_ENABLE_ADVANCED_TRIGGER=0                                                                                                                                                                                                                                                            ; --                 ; --          ; time_machine ;
; SLD_NODE_PARAMETER_ASSIGNMENT                     ; SLD_RAM_BLOCK_TYPE=AUTO                                                                                                                                                                                                                                                                  ; --                 ; --          ; switches     ;
; SLD_NODE_PARAMETER_ASSIGNMENT                     ; SLD_NODE_INFO=805334528                                                                                                                                                                                                                                                                  ; --                 ; --          ; switches     ;
; SLD_NODE_PARAMETER_ASSIGNMENT                     ; SLD_POWER_UP_TRIGGER=0                                                                                                                                                                                                                                                                   ; --                 ; --          ; switches     ;
; SLD_NODE_PARAMETER_ASSIGNMENT                     ; SLD_STORAGE_QUALIFIER_INVERSION_MASK_LENGTH=0                                                                                                                                                                                                                                            ; --                 ; --          ; switches     ;
; SLD_NODE_PARAMETER_ASSIGNMENT                     ; SLD_SEGMENT_SIZE=128                                                                                                                                                                                                                                                                     ; --                 ; --          ; switches     ;
; SLD_NODE_PARAMETER_ASSIGNMENT                     ; SLD_ATTRIBUTE_MEM_MODE=OFF                                                                                                                                                                                                                                                               ; --                 ; --          ; switches     ;
; SLD_NODE_PARAMETER_ASSIGNMENT                     ; SLD_STATE_FLOW_USE_GENERATED=0                                                                                                                                                                                                                                                           ; --                 ; --          ; switches     ;
; SLD_NODE_PARAMETER_ASSIGNMENT                     ; SLD_STATE_BITS=11                                                                                                                                                                                                                                                                        ; --                 ; --          ; switches     ;
; SLD_NODE_PARAMETER_ASSIGNMENT                     ; SLD_BUFFER_FULL_STOP=1                                                                                                                                                                                                                                                                   ; --                 ; --          ; switches     ;
; SLD_NODE_PARAMETER_ASSIGNMENT                     ; SLD_CURRENT_RESOURCE_WIDTH=1                                                                                                                                                                                                                                                             ; --                 ; --          ; switches     ;
; SLD_NODE_PARAMETER_ASSIGNMENT                     ; SLD_INCREMENTAL_ROUTING=1                                                                                                                                                                                                                                                                ; --                 ; --          ; switches     ;
; SLD_NODE_PARAMETER_ASSIGNMENT                     ; SLD_TRIGGER_LEVEL=1                                                                                                                                                                                                                                                                      ; --                 ; --          ; switches     ;
; SLD_NODE_PARAMETER_ASSIGNMENT                     ; SLD_SAMPLE_DEPTH=128                                                                                                                                                                                                                                                                     ; --                 ; --          ; switches     ;
; SLD_NODE_PARAMETER_ASSIGNMENT                     ; SLD_TRIGGER_IN_ENABLED=0                                                                                                                                                                                                                                                                 ; --                 ; --          ; switches     ;
; SLD_NODE_PARAMETER_ASSIGNMENT                     ; SLD_TRIGGER_PIPELINE=0                                                                                                                                                                                                                                                                   ; --                 ; --          ; switches     ;
; SLD_NODE_PARAMETER_ASSIGNMENT                     ; SLD_RAM_PIPELINE=0                                                                                                                                                                                                                                                                       ; --                 ; --          ; switches     ;
; SLD_NODE_PARAMETER_ASSIGNMENT                     ; SLD_COUNTER_PIPELINE=0                                                                                                                                                                                                                                                                   ; --                 ; --          ; switches     ;
; SLD_NODE_PARAMETER_ASSIGNMENT                     ; SLD_ADVANCED_TRIGGER_ENTITY=basic,1,                                                                                                                                                                                                                                                     ; --                 ; --          ; switches     ;
; SLD_NODE_PARAMETER_ASSIGNMENT                     ; SLD_TRIGGER_LEVEL_PIPELINE=1                                                                                                                                                                                                                                                             ; --                 ; --          ; switches     ;
; SLD_NODE_PARAMETER_ASSIGNMENT                     ; SLD_ENABLE_ADVANCED_TRIGGER=0                                                                                                                                                                                                                                                            ; --                 ; --          ; switches     ;
; SLD_NODE_PARAMETER_ASSIGNMENT                     ; SLD_DATA_BITS=12                                                                                                                                                                                                                                                                         ; --                 ; --          ; switches     ;
; SLD_NODE_PARAMETER_ASSIGNMENT                     ; SLD_TRIGGER_BITS=12                                                                                                                                                                                                                                                                      ; --                 ; --          ; switches     ;
; SLD_NODE_PARAMETER_ASSIGNMENT                     ; SLD_STORAGE_QUALIFIER_BITS=12                                                                                                                                                                                                                                                            ; --                 ; --          ; switches     ;
; SLD_NODE_PARAMETER_ASSIGNMENT                     ; SLD_INVERSION_MASK=000000000000000000000000000000000000000000000000000000000                                                                                                                                                                                                             ; --                 ; --          ; switches     ;
; SLD_NODE_PARAMETER_ASSIGNMENT                     ; SLD_INVERSION_MASK_LENGTH=57                                                                                                                                                                                                                                                             ; --                 ; --          ; switches     ;
; SYNCHRONIZATION_REGISTER_CHAIN_LENGTH             ; 2                                                                                                                                                                                                                                                                                        ; 3                  ; --          ; --           ;
; TOP_LEVEL_ENTITY                                  ; ksa                                                                                                                                                                                                                                                                                      ; rc4                ; --          ; --           ;
; USE_SIGNALTAP_FILE                                ; SignalTap.stp                                                                                                                                                                                                                                                                            ; --                 ; --          ; --           ;
; VERILOG_INPUT_VERSION                             ; SystemVerilog_2005                                                                                                                                                                                                                                                                       ; Verilog_2001       ; --          ; --           ;
; VERILOG_NON_CONSTANT_LOOP_LIMIT                   ; 5000                                                                                                                                                                                                                                                                                     ; 250                ; --          ; --           ;
; VERILOG_SHOW_LMF_MAPPING_MESSAGES                 ; Off                                                                                                                                                                                                                                                                                      ; --                 ; --          ; --           ;
+---------------------------------------------------+------------------------------------------------------------------------------------------------------------------------------------------------------------------------------------------------------------------------------------------------------------------------------------------+--------------------+-------------+--------------+


+-------------------------------------------------------------------------------------------------------------------------------+
; Flow Elapsed Time                                                                                                             ;
+---------------------------+--------------+-------------------------+---------------------+------------------------------------+
; Module Name               ; Elapsed Time ; Average Processors Used ; Peak Virtual Memory ; Total CPU Time (on all processors) ;
+---------------------------+--------------+-------------------------+---------------------+------------------------------------+
; Analysis & Synthesis      ; 00:00:22     ; 1.0                     ; 4943 MB             ; 00:00:40                           ;
; Fitter                    ; 00:01:20     ; 1.2                     ; 6889 MB             ; 00:03:56                           ;
; Assembler                 ; 00:00:07     ; 1.0                     ; 4851 MB             ; 00:00:07                           ;
; TimeQuest Timing Analyzer ; 00:00:28     ; 1.2                     ; 5230 MB             ; 00:00:34                           ;
; Total                     ; 00:02:17     ; --                      ; --                  ; 00:05:17                           ;
+---------------------------+--------------+-------------------------+---------------------+------------------------------------+


+-----------------------------------------------------------------------------------------+
; Flow OS Summary                                                                         ;
+---------------------------+------------------+------------+------------+----------------+
; Module Name               ; Machine Hostname ; OS Name    ; OS Version ; Processor type ;
+---------------------------+------------------+------------+------------+----------------+
; Analysis & Synthesis      ; DESKTOP-JFJUTTP  ; Windows 10 ; 10.0       ; x86_64         ;
; Fitter                    ; DESKTOP-JFJUTTP  ; Windows 10 ; 10.0       ; x86_64         ;
; Assembler                 ; DESKTOP-JFJUTTP  ; Windows 10 ; 10.0       ; x86_64         ;
; TimeQuest Timing Analyzer ; DESKTOP-JFJUTTP  ; Windows 10 ; 10.0       ; x86_64         ;
+---------------------------+------------------+------------+------------+----------------+


------------
; Flow Log ;
------------
quartus_map --read_settings_files=on --write_settings_files=off rc4 -c rc4
quartus_fit --read_settings_files=off --write_settings_files=off rc4 -c rc4
quartus_asm --read_settings_files=off --write_settings_files=off rc4 -c rc4
quartus_sta rc4 -c rc4



