Analysis & Synthesis report for rc4
Wed Jun 12 14:31:43 2024
Quartus Prime Version 16.1.2 Build 203 01/18/2017 SJ Lite Edition


---------------------
; Table of Contents ;
---------------------
  1. Legal Notice
  2. Analysis & Synthesis Summary
  3. Analysis & Synthesis Settings
  4. Analysis & Synthesis Default Parameter Settings
  5. Parallel Compilation
  6. Analysis & Synthesis Source Files Read
  7. Analysis & Synthesis Resource Usage Summary
  8. Analysis & Synthesis Resource Utilization by Entity
  9. Analysis & Synthesis RAM Summary
 10. Analysis & Synthesis IP Cores Summary
 11. Registers Protected by Synthesis
 12. Registers Removed During Synthesis
 13. General Register Statistics
 14. Inverted Register Statistics
 15. Multiplexer Restructuring Statistics (Restructuring Performed)
 16. Source assignments for s_memory:s_memory_controller|altsyncram:altsyncram_component|altsyncram_m5b4:auto_generated|altsyncram_kq83:altsyncram1
 17. Source assignments for switches_fsm:key_switches_control
 18. Parameter Settings for User Entity Instance: s_memory:s_memory_controller|altsyncram:altsyncram_component
 19. altsyncram Parameter Settings by Entity Instance
 20. Port Connectivity Checks: "switches_fsm:key_switches_control"
 21. Port Connectivity Checks: "s_memory:s_memory_controller"
 22. In-System Memory Content Editor Settings
 23. Post-Synthesis Netlist Statistics for Top Partition
 24. Elapsed Time Per Partition
 25. Analysis & Synthesis Messages



----------------
; Legal Notice ;
----------------
Copyright (C) 2017  Intel Corporation. All rights reserved.
Your use of Intel Corporation's design tools, logic functions 
and other software and tools, and its AMPP partner logic 
functions, and any output files from any of the foregoing 
(including device programming or simulation files), and any 
associated documentation or information are expressly subject 
to the terms and conditions of the Intel Program License 
Subscription Agreement, the Intel Quartus Prime License Agreement,
the Intel MegaCore Function License Agreement, or other 
applicable license agreement, including, without limitation, 
that your use is for the sole purpose of programming logic 
devices manufactured by Intel and sold by Intel or its 
authorized distributors.  Please refer to the applicable 
agreement for further details.



+-------------------------------------------------------------------------------+
; Analysis & Synthesis Summary                                                  ;
+---------------------------------+---------------------------------------------+
; Analysis & Synthesis Status     ; Successful - Wed Jun 12 14:31:43 2024       ;
; Quartus Prime Version           ; 16.1.2 Build 203 01/18/2017 SJ Lite Edition ;
; Revision Name                   ; rc4                                         ;
; Top-level Entity Name           ; ksa                                         ;
; Family                          ; Cyclone V                                   ;
; Logic utilization (in ALMs)     ; N/A                                         ;
; Total registers                 ; 148                                         ;
; Total pins                      ; 21                                          ;
; Total virtual pins              ; 0                                           ;
; Total block memory bits         ; 2,048                                       ;
; Total DSP Blocks                ; 0                                           ;
; Total HSSI RX PCSs              ; 0                                           ;
; Total HSSI PMA RX Deserializers ; 0                                           ;
; Total HSSI TX PCSs              ; 0                                           ;
; Total HSSI PMA TX Serializers   ; 0                                           ;
; Total PLLs                      ; 0                                           ;
; Total DLLs                      ; 0                                           ;
+---------------------------------+---------------------------------------------+


+---------------------------------------------------------------------------------------------------------------------------+
; Analysis & Synthesis Settings                                                                                             ;
+---------------------------------------------------------------------------------+--------------------+--------------------+
; Option                                                                          ; Setting            ; Default Value      ;
+---------------------------------------------------------------------------------+--------------------+--------------------+
; Device                                                                          ; 5CSEMA5F31C6       ;                    ;
; Top-level entity name                                                           ; ksa                ; rc4                ;
; Family name                                                                     ; Cyclone V          ; Cyclone V          ;
; Verilog Show LMF Mapping Messages                                               ; Off                ;                    ;
; Verilog Version                                                                 ; SystemVerilog_2005 ; Verilog_2001       ;
; Extract Verilog State Machines                                                  ; Off                ; On                 ;
; Extract VHDL State Machines                                                     ; Off                ; On                 ;
; Iteration limit for non-constant Verilog loops                                  ; 5000               ; 250                ;
; Auto ROM Replacement                                                            ; Off                ; On                 ;
; Auto RAM Replacement                                                            ; Off                ; On                 ;
; Synchronization Register Chain Length                                           ; 2                  ; 3                  ;
; PowerPlay Power Optimization During Synthesis                                   ; Off                ; Normal compilation ;
; Use smart compilation                                                           ; Off                ; Off                ;
; Enable parallel Assembler and TimeQuest Timing Analyzer during compilation      ; On                 ; On                 ;
; Enable compact report table                                                     ; Off                ; Off                ;
; Restructure Multiplexers                                                        ; Auto               ; Auto               ;
; MLAB Add Timing Constraints For Mixed-Port Feed-Through Mode Setting Don't Care ; Off                ; Off                ;
; Create Debugging Nodes for IP Cores                                             ; Off                ; Off                ;
; Preserve fewer node names                                                       ; On                 ; On                 ;
; OpenCore Plus hardware evaluation                                               ; Enable             ; Enable             ;
; VHDL Version                                                                    ; VHDL_1993          ; VHDL_1993          ;
; State Machine Processing                                                        ; Auto               ; Auto               ;
; Safe State Machine                                                              ; Off                ; Off                ;
; Ignore Verilog initial constructs                                               ; Off                ; Off                ;
; Iteration limit for constant Verilog loops                                      ; 5000               ; 5000               ;
; Add Pass-Through Logic to Inferred RAMs                                         ; On                 ; On                 ;
; Infer RAMs from Raw Logic                                                       ; On                 ; On                 ;
; Parallel Synthesis                                                              ; On                 ; On                 ;
; DSP Block Balancing                                                             ; Auto               ; Auto               ;
; NOT Gate Push-Back                                                              ; On                 ; On                 ;
; Power-Up Don't Care                                                             ; On                 ; On                 ;
; Remove Redundant Logic Cells                                                    ; Off                ; Off                ;
; Remove Duplicate Registers                                                      ; On                 ; On                 ;
; Ignore CARRY Buffers                                                            ; Off                ; Off                ;
; Ignore CASCADE Buffers                                                          ; Off                ; Off                ;
; Ignore GLOBAL Buffers                                                           ; Off                ; Off                ;
; Ignore ROW GLOBAL Buffers                                                       ; Off                ; Off                ;
; Ignore LCELL Buffers                                                            ; Off                ; Off                ;
; Ignore SOFT Buffers                                                             ; On                 ; On                 ;
; Limit AHDL Integers to 32 Bits                                                  ; Off                ; Off                ;
; Optimization Technique                                                          ; Balanced           ; Balanced           ;
; Carry Chain Length                                                              ; 70                 ; 70                 ;
; Auto Carry Chains                                                               ; On                 ; On                 ;
; Auto Open-Drain Pins                                                            ; On                 ; On                 ;
; Perform WYSIWYG Primitive Resynthesis                                           ; Off                ; Off                ;
; Auto DSP Block Replacement                                                      ; On                 ; On                 ;
; Auto Shift Register Replacement                                                 ; Auto               ; Auto               ;
; Allow Shift Register Merging across Hierarchies                                 ; Auto               ; Auto               ;
; Auto Clock Enable Replacement                                                   ; On                 ; On                 ;
; Strict RAM Replacement                                                          ; Off                ; Off                ;
; Allow Synchronous Control Signals                                               ; On                 ; On                 ;
; Force Use of Synchronous Clear Signals                                          ; Off                ; Off                ;
; Auto Resource Sharing                                                           ; Off                ; Off                ;
; Allow Any RAM Size For Recognition                                              ; Off                ; Off                ;
; Allow Any ROM Size For Recognition                                              ; Off                ; Off                ;
; Allow Any Shift Register Size For Recognition                                   ; Off                ; Off                ;
; Use LogicLock Constraints during Resource Balancing                             ; On                 ; On                 ;
; Ignore translate_off and synthesis_off directives                               ; Off                ; Off                ;
; Timing-Driven Synthesis                                                         ; On                 ; On                 ;
; Report Parameter Settings                                                       ; On                 ; On                 ;
; Report Source Assignments                                                       ; On                 ; On                 ;
; Report Connectivity Checks                                                      ; On                 ; On                 ;
; Ignore Maximum Fan-Out Assignments                                              ; Off                ; Off                ;
; HDL message level                                                               ; Level2             ; Level2             ;
; Suppress Register Optimization Related Messages                                 ; Off                ; Off                ;
; Number of Removed Registers Reported in Synthesis Report                        ; 5000               ; 5000               ;
; Number of Swept Nodes Reported in Synthesis Report                              ; 5000               ; 5000               ;
; Number of Inverted Registers Reported in Synthesis Report                       ; 100                ; 100                ;
; Clock MUX Protection                                                            ; On                 ; On                 ;
; Auto Gated Clock Conversion                                                     ; Off                ; Off                ;
; Block Design Naming                                                             ; Auto               ; Auto               ;
; SDC constraint protection                                                       ; Off                ; Off                ;
; Synthesis Effort                                                                ; Auto               ; Auto               ;
; Shift Register Replacement - Allow Asynchronous Clear Signal                    ; On                 ; On                 ;
; Pre-Mapping Resynthesis Optimization                                            ; Off                ; Off                ;
; Analysis & Synthesis Message Level                                              ; Medium             ; Medium             ;
; Disable Register Merging Across Hierarchies                                     ; Auto               ; Auto               ;
; Resource Aware Inference For Block RAM                                          ; On                 ; On                 ;
; Automatic Parallel Synthesis                                                    ; On                 ; On                 ;
; Partial Reconfiguration Bitstream ID                                            ; Off                ; Off                ;
+---------------------------------------------------------------------------------+--------------------+--------------------+


+-------------------------------------------------+
; Analysis & Synthesis Default Parameter Settings ;
+------+------------------------------------------+
; Name ; Setting                                  ;
+------+------------------------------------------+
;      ; RESTRUCTURE                              ;
+------+------------------------------------------+


+------------------------------------------+
; Parallel Compilation                     ;
+----------------------------+-------------+
; Processors                 ; Number      ;
+----------------------------+-------------+
; Number detected on machine ; 12          ;
; Maximum allowed            ; 6           ;
;                            ;             ;
; Average used               ; 1.00        ;
; Maximum used               ; 6           ;
;                            ;             ;
; Usage by Processor         ; % Time Used ;
;     Processor 1            ; 100.0%      ;
;     Processors 2-6         ;   0.0%      ;
+----------------------------+-------------+


+-------------------------------------------------------------------------------------------------------------------------------------------------------------------------------------------------------------------------------------------------------------------------------------+
; Analysis & Synthesis Source Files Read                                                                                                                                                                                                                                              ;
+--------------------------------------------------------------------+-----------------+----------------------------------------------+---------------------------------------------------------------------------------------------------------------------------------+-------------+
; File Name with User-Entered Path                                   ; Used in Netlist ; File Type                                    ; File Name with Absolute Path                                                                                                    ; Library     ;
+--------------------------------------------------------------------+-----------------+----------------------------------------------+---------------------------------------------------------------------------------------------------------------------------------+-------------+
; s_memory.vhd                                                       ; yes             ; User Wizard-Generated File                   ; C:/Users/eldad/OneDrive/Desktop/CPEN311/LAB4/RC4_Breaker/rtl/s_memory.vhd                                                       ;             ;
; ksa.sv                                                             ; yes             ; User SystemVerilog HDL File                  ; C:/Users/eldad/OneDrive/Desktop/CPEN311/LAB4/RC4_Breaker/rtl/ksa.sv                                                             ;             ;
; altsyncram.tdf                                                     ; yes             ; Megafunction                                 ; c:/intelfpga_lite/16.1/quartus/libraries/megafunctions/altsyncram.tdf                                                           ;             ;
; stratix_ram_block.inc                                              ; yes             ; Megafunction                                 ; c:/intelfpga_lite/16.1/quartus/libraries/megafunctions/stratix_ram_block.inc                                                    ;             ;
; lpm_mux.inc                                                        ; yes             ; Megafunction                                 ; c:/intelfpga_lite/16.1/quartus/libraries/megafunctions/lpm_mux.inc                                                              ;             ;
; lpm_decode.inc                                                     ; yes             ; Megafunction                                 ; c:/intelfpga_lite/16.1/quartus/libraries/megafunctions/lpm_decode.inc                                                           ;             ;
; aglobal161.inc                                                     ; yes             ; Megafunction                                 ; c:/intelfpga_lite/16.1/quartus/libraries/megafunctions/aglobal161.inc                                                           ;             ;
; a_rdenreg.inc                                                      ; yes             ; Megafunction                                 ; c:/intelfpga_lite/16.1/quartus/libraries/megafunctions/a_rdenreg.inc                                                            ;             ;
; altrom.inc                                                         ; yes             ; Megafunction                                 ; c:/intelfpga_lite/16.1/quartus/libraries/megafunctions/altrom.inc                                                               ;             ;
; altram.inc                                                         ; yes             ; Megafunction                                 ; c:/intelfpga_lite/16.1/quartus/libraries/megafunctions/altram.inc                                                               ;             ;
; altdpram.inc                                                       ; yes             ; Megafunction                                 ; c:/intelfpga_lite/16.1/quartus/libraries/megafunctions/altdpram.inc                                                             ;             ;
; db/altsyncram_m5b4.tdf                                             ; yes             ; Auto-Generated Megafunction                  ; C:/Users/eldad/OneDrive/Desktop/CPEN311/LAB4/RC4_Breaker/rtl/db/altsyncram_m5b4.tdf                                             ;             ;
; db/altsyncram_kq83.tdf                                             ; yes             ; Auto-Generated Megafunction                  ; C:/Users/eldad/OneDrive/Desktop/CPEN311/LAB4/RC4_Breaker/rtl/db/altsyncram_kq83.tdf                                             ;             ;
; sld_mod_ram_rom.vhd                                                ; yes             ; Encrypted Megafunction                       ; c:/intelfpga_lite/16.1/quartus/libraries/megafunctions/sld_mod_ram_rom.vhd                                                      ;             ;
; sld_jtag_endpoint_adapter.vhd                                      ; yes             ; Encrypted Megafunction                       ; c:/intelfpga_lite/16.1/quartus/libraries/megafunctions/sld_jtag_endpoint_adapter.vhd                                            ;             ;
; sld_jtag_endpoint_adapter_impl.sv                                  ; yes             ; Encrypted Megafunction                       ; c:/intelfpga_lite/16.1/quartus/libraries/megafunctions/sld_jtag_endpoint_adapter_impl.sv                                        ;             ;
; sld_rom_sr.vhd                                                     ; yes             ; Encrypted Megafunction                       ; c:/intelfpga_lite/16.1/quartus/libraries/megafunctions/sld_rom_sr.vhd                                                           ;             ;
; populate_s_mem_by_index.sv                                         ; yes             ; Auto-Found SystemVerilog HDL File            ; C:/Users/eldad/OneDrive/Desktop/CPEN311/LAB4/RC4_Breaker/rtl/task1/populate_s_mem_by_index.sv                                   ;             ;
; switches_fsm.sv                                                    ; yes             ; Auto-Found SystemVerilog HDL File            ; C:/Users/eldad/OneDrive/Desktop/CPEN311/LAB4/RC4_Breaker/rtl/task2/switches_fsm.sv                                              ;             ;
; sld_hub.vhd                                                        ; yes             ; Encrypted Megafunction                       ; c:/intelfpga_lite/16.1/quartus/libraries/megafunctions/sld_hub.vhd                                                              ; altera_sld  ;
; db/ip/sld73f98f60/alt_sld_fab.v                                    ; yes             ; Encrypted Auto-Found Verilog HDL File        ; C:/Users/eldad/OneDrive/Desktop/CPEN311/LAB4/RC4_Breaker/rtl/db/ip/sld73f98f60/alt_sld_fab.v                                    ; alt_sld_fab ;
; db/ip/sld73f98f60/submodules/alt_sld_fab_alt_sld_fab.v             ; yes             ; Encrypted Auto-Found Verilog HDL File        ; C:/Users/eldad/OneDrive/Desktop/CPEN311/LAB4/RC4_Breaker/rtl/db/ip/sld73f98f60/submodules/alt_sld_fab_alt_sld_fab.v             ; alt_sld_fab ;
; db/ip/sld73f98f60/submodules/alt_sld_fab_alt_sld_fab_ident.sv      ; yes             ; Auto-Found SystemVerilog HDL File            ; C:/Users/eldad/OneDrive/Desktop/CPEN311/LAB4/RC4_Breaker/rtl/db/ip/sld73f98f60/submodules/alt_sld_fab_alt_sld_fab_ident.sv      ; alt_sld_fab ;
; db/ip/sld73f98f60/submodules/alt_sld_fab_alt_sld_fab_presplit.sv   ; yes             ; Encrypted Auto-Found SystemVerilog HDL File  ; C:/Users/eldad/OneDrive/Desktop/CPEN311/LAB4/RC4_Breaker/rtl/db/ip/sld73f98f60/submodules/alt_sld_fab_alt_sld_fab_presplit.sv   ; alt_sld_fab ;
; db/ip/sld73f98f60/submodules/alt_sld_fab_alt_sld_fab_sldfabric.vhd ; yes             ; Encrypted Auto-Found VHDL File               ; C:/Users/eldad/OneDrive/Desktop/CPEN311/LAB4/RC4_Breaker/rtl/db/ip/sld73f98f60/submodules/alt_sld_fab_alt_sld_fab_sldfabric.vhd ; alt_sld_fab ;
; db/ip/sld73f98f60/submodules/alt_sld_fab_alt_sld_fab_splitter.sv   ; yes             ; Encrypted Auto-Found SystemVerilog HDL File  ; C:/Users/eldad/OneDrive/Desktop/CPEN311/LAB4/RC4_Breaker/rtl/db/ip/sld73f98f60/submodules/alt_sld_fab_alt_sld_fab_splitter.sv   ; alt_sld_fab ;
; sld_jtag_hub.vhd                                                   ; yes             ; Encrypted Megafunction                       ; c:/intelfpga_lite/16.1/quartus/libraries/megafunctions/sld_jtag_hub.vhd                                                         ;             ;
+--------------------------------------------------------------------+-----------------+----------------------------------------------+---------------------------------------------------------------------------------------------------------------------------------+-------------+


+------------------------------------------------------------------------+
; Analysis & Synthesis Resource Usage Summary                            ;
+---------------------------------------------+--------------------------+
; Resource                                    ; Usage                    ;
+---------------------------------------------+--------------------------+
; Estimate of Logic utilization (ALMs needed) ; 105                      ;
;                                             ;                          ;
; Combinational ALUT usage for logic          ; 168                      ;
;     -- 7 input functions                    ; 1                        ;
;     -- 6 input functions                    ; 27                       ;
;     -- 5 input functions                    ; 32                       ;
;     -- 4 input functions                    ; 28                       ;
;     -- <=3 input functions                  ; 80                       ;
;                                             ;                          ;
; Dedicated logic registers                   ; 148                      ;
;                                             ;                          ;
; I/O pins                                    ; 21                       ;
; Total MLAB memory bits                      ; 0                        ;
; Total block memory bits                     ; 2048                     ;
;                                             ;                          ;
; Total DSP Blocks                            ; 0                        ;
;                                             ;                          ;
; Maximum fan-out node                        ; altera_internal_jtag~TDO ;
; Maximum fan-out                             ; 156                      ;
; Total fan-out                               ; 1317                     ;
; Average fan-out                             ; 3.51                     ;
+---------------------------------------------+--------------------------+


+-------------------------------------------------------------------------------------------------------------------------------------------------------------------------------------------------------------------------------------------------------------------------------------------------------------------------------------------------------------------------------------------------------------------------------------------------------------------------------------------------------------------------------------------------------------------------------------------------------------------------------------------------------+
; Analysis & Synthesis Resource Utilization by Entity                                                                                                                                                                                                                                                                                                                                                                                                                                                                                                                                                                                                   ;
+-----------------------------------------------------------------------------------------------------------------------------------------+---------------------+---------------------------+-------------------+------------+------+--------------+-------------------------------------------------------------------------------------------------------------------------------------------------------------------------------------------------------------------------------------------------------------------------------------------------------------------------------------------------+-----------------------------------+--------------+
; Compilation Hierarchy Node                                                                                                              ; Combinational ALUTs ; Dedicated Logic Registers ; Block Memory Bits ; DSP Blocks ; Pins ; Virtual Pins ; Full Hierarchy Name                                                                                                                                                                                                                                                                                                                             ; Entity Name                       ; Library Name ;
+-----------------------------------------------------------------------------------------------------------------------------------------+---------------------+---------------------------+-------------------+------------+------+--------------+-------------------------------------------------------------------------------------------------------------------------------------------------------------------------------------------------------------------------------------------------------------------------------------------------------------------------------------------------+-----------------------------------+--------------+
; |ksa                                                                                                                                    ; 168 (9)             ; 148 (0)                   ; 2048              ; 0          ; 21   ; 0            ; |ksa                                                                                                                                                                                                                                                                                                                                            ; ksa                               ; work         ;
;    |populate_s_mem_by_index:task1|                                                                                                      ; 11 (11)             ; 10 (10)                   ; 0                 ; 0          ; 0    ; 0            ; |ksa|populate_s_mem_by_index:task1                                                                                                                                                                                                                                                                                                              ; populate_s_mem_by_index           ; work         ;
;    |s_memory:s_memory_controller|                                                                                                       ; 41 (0)              ; 37 (0)                    ; 2048              ; 0          ; 0    ; 0            ; |ksa|s_memory:s_memory_controller                                                                                                                                                                                                                                                                                                               ; s_memory                          ; work         ;
;       |altsyncram:altsyncram_component|                                                                                                 ; 41 (0)              ; 37 (0)                    ; 2048              ; 0          ; 0    ; 0            ; |ksa|s_memory:s_memory_controller|altsyncram:altsyncram_component                                                                                                                                                                                                                                                                               ; altsyncram                        ; work         ;
;          |altsyncram_m5b4:auto_generated|                                                                                               ; 41 (0)              ; 37 (0)                    ; 2048              ; 0          ; 0    ; 0            ; |ksa|s_memory:s_memory_controller|altsyncram:altsyncram_component|altsyncram_m5b4:auto_generated                                                                                                                                                                                                                                                ; altsyncram_m5b4                   ; work         ;
;             |altsyncram_kq83:altsyncram1|                                                                                               ; 0 (0)               ; 0 (0)                     ; 2048              ; 0          ; 0    ; 0            ; |ksa|s_memory:s_memory_controller|altsyncram:altsyncram_component|altsyncram_m5b4:auto_generated|altsyncram_kq83:altsyncram1                                                                                                                                                                                                                    ; altsyncram_kq83                   ; work         ;
;             |sld_mod_ram_rom:mgl_prim2|                                                                                                 ; 41 (23)             ; 37 (28)                   ; 0                 ; 0          ; 0    ; 0            ; |ksa|s_memory:s_memory_controller|altsyncram:altsyncram_component|altsyncram_m5b4:auto_generated|sld_mod_ram_rom:mgl_prim2                                                                                                                                                                                                                      ; sld_mod_ram_rom                   ; work         ;
;                |sld_rom_sr:\ram_rom_logic_gen:name_gen:info_rom_sr|                                                                     ; 18 (18)             ; 9 (9)                     ; 0                 ; 0          ; 0    ; 0            ; |ksa|s_memory:s_memory_controller|altsyncram:altsyncram_component|altsyncram_m5b4:auto_generated|sld_mod_ram_rom:mgl_prim2|sld_rom_sr:\ram_rom_logic_gen:name_gen:info_rom_sr                                                                                                                                                                   ; sld_rom_sr                        ; work         ;
;    |sld_hub:auto_hub|                                                                                                                   ; 98 (1)              ; 87 (0)                    ; 0                 ; 0          ; 0    ; 0            ; |ksa|sld_hub:auto_hub                                                                                                                                                                                                                                                                                                                           ; sld_hub                           ; altera_sld   ;
;       |alt_sld_fab_with_jtag_input:\instrumentation_fabric_with_node_gen:fabric_gen_new_way:with_jtag_input_gen:instrumentation_fabric| ; 97 (0)              ; 87 (0)                    ; 0                 ; 0          ; 0    ; 0            ; |ksa|sld_hub:auto_hub|alt_sld_fab_with_jtag_input:\instrumentation_fabric_with_node_gen:fabric_gen_new_way:with_jtag_input_gen:instrumentation_fabric                                                                                                                                                                                           ; alt_sld_fab_with_jtag_input       ; altera_sld   ;
;          |alt_sld_fab:instrumentation_fabric|                                                                                           ; 97 (0)              ; 87 (0)                    ; 0                 ; 0          ; 0    ; 0            ; |ksa|sld_hub:auto_hub|alt_sld_fab_with_jtag_input:\instrumentation_fabric_with_node_gen:fabric_gen_new_way:with_jtag_input_gen:instrumentation_fabric|alt_sld_fab:instrumentation_fabric                                                                                                                                                        ; alt_sld_fab                       ; alt_sld_fab  ;
;             |alt_sld_fab_alt_sld_fab:alt_sld_fab|                                                                                       ; 97 (1)              ; 87 (5)                    ; 0                 ; 0          ; 0    ; 0            ; |ksa|sld_hub:auto_hub|alt_sld_fab_with_jtag_input:\instrumentation_fabric_with_node_gen:fabric_gen_new_way:with_jtag_input_gen:instrumentation_fabric|alt_sld_fab:instrumentation_fabric|alt_sld_fab_alt_sld_fab:alt_sld_fab                                                                                                                    ; alt_sld_fab_alt_sld_fab           ; alt_sld_fab  ;
;                |alt_sld_fab_alt_sld_fab_sldfabric:sldfabric|                                                                            ; 96 (0)              ; 82 (0)                    ; 0                 ; 0          ; 0    ; 0            ; |ksa|sld_hub:auto_hub|alt_sld_fab_with_jtag_input:\instrumentation_fabric_with_node_gen:fabric_gen_new_way:with_jtag_input_gen:instrumentation_fabric|alt_sld_fab:instrumentation_fabric|alt_sld_fab_alt_sld_fab:alt_sld_fab|alt_sld_fab_alt_sld_fab_sldfabric:sldfabric                                                                        ; alt_sld_fab_alt_sld_fab_sldfabric ; alt_sld_fab  ;
;                   |sld_jtag_hub:\jtag_hub_gen:real_sld_jtag_hub|                                                                        ; 96 (64)             ; 82 (54)                   ; 0                 ; 0          ; 0    ; 0            ; |ksa|sld_hub:auto_hub|alt_sld_fab_with_jtag_input:\instrumentation_fabric_with_node_gen:fabric_gen_new_way:with_jtag_input_gen:instrumentation_fabric|alt_sld_fab:instrumentation_fabric|alt_sld_fab_alt_sld_fab:alt_sld_fab|alt_sld_fab_alt_sld_fab_sldfabric:sldfabric|sld_jtag_hub:\jtag_hub_gen:real_sld_jtag_hub                           ; sld_jtag_hub                      ; work         ;
;                      |sld_rom_sr:hub_info_reg|                                                                                          ; 14 (14)             ; 9 (9)                     ; 0                 ; 0          ; 0    ; 0            ; |ksa|sld_hub:auto_hub|alt_sld_fab_with_jtag_input:\instrumentation_fabric_with_node_gen:fabric_gen_new_way:with_jtag_input_gen:instrumentation_fabric|alt_sld_fab:instrumentation_fabric|alt_sld_fab_alt_sld_fab:alt_sld_fab|alt_sld_fab_alt_sld_fab_sldfabric:sldfabric|sld_jtag_hub:\jtag_hub_gen:real_sld_jtag_hub|sld_rom_sr:hub_info_reg   ; sld_rom_sr                        ; work         ;
;                      |sld_shadow_jsm:shadow_jsm|                                                                                        ; 18 (18)             ; 19 (19)                   ; 0                 ; 0          ; 0    ; 0            ; |ksa|sld_hub:auto_hub|alt_sld_fab_with_jtag_input:\instrumentation_fabric_with_node_gen:fabric_gen_new_way:with_jtag_input_gen:instrumentation_fabric|alt_sld_fab:instrumentation_fabric|alt_sld_fab_alt_sld_fab:alt_sld_fab|alt_sld_fab_alt_sld_fab_sldfabric:sldfabric|sld_jtag_hub:\jtag_hub_gen:real_sld_jtag_hub|sld_shadow_jsm:shadow_jsm ; sld_shadow_jsm                    ; altera_sld   ;
;    |switches_fsm:key_switches_control|                                                                                                  ; 9 (9)               ; 14 (14)                   ; 0                 ; 0          ; 0    ; 0            ; |ksa|switches_fsm:key_switches_control                                                                                                                                                                                                                                                                                                          ; switches_fsm                      ; work         ;
+-----------------------------------------------------------------------------------------------------------------------------------------+---------------------+---------------------------+-------------------+------------+------+--------------+-------------------------------------------------------------------------------------------------------------------------------------------------------------------------------------------------------------------------------------------------------------------------------------------------------------------------------------------------+-----------------------------------+--------------+
Note: For table entries with two numbers listed, the numbers in parentheses indicate the number of resources of the given type used by the specific entity alone. The numbers listed outside of parentheses indicate the total resources of the given type used by the specific entity and all of its sub-entities in the hierarchy.


+--------------------------------------------------------------------------------------------------------------------------------------------------------------------------------------------------------------------------------------------+
; Analysis & Synthesis RAM Summary                                                                                                                                                                                                           ;
+------------------------------------------------------------------------------------------------------------------------------------+------------+----------------+--------------+--------------+--------------+--------------+------+------+
; Name                                                                                                                               ; Type       ; Mode           ; Port A Depth ; Port A Width ; Port B Depth ; Port B Width ; Size ; MIF  ;
+------------------------------------------------------------------------------------------------------------------------------------+------------+----------------+--------------+--------------+--------------+--------------+------+------+
; s_memory:s_memory_controller|altsyncram:altsyncram_component|altsyncram_m5b4:auto_generated|altsyncram_kq83:altsyncram1|ALTSYNCRAM ; M10K block ; True Dual Port ; 256          ; 8            ; 256          ; 8            ; 2048 ; None ;
+------------------------------------------------------------------------------------------------------------------------------------+------------+----------------+--------------+--------------+--------------+--------------+------+------+


+------------------------------------------------------------------------------------------------------------------------------------------------------------------------------------------------------------------------------------------------------------------------------------------------------------------------------------------------------------+
; Analysis & Synthesis IP Cores Summary                                                                                                                                                                                                                                                                                                                      ;
+--------+--------------+---------+--------------+--------------+--------------------------------------------------------------------------------------------------------------------------------------------------------------------------------------------------------------------------------------------------------------------------+-----------------+
; Vendor ; IP Core Name ; Version ; Release Date ; License Type ; Entity Instance                                                                                                                                                                                                                                                          ; IP Include File ;
+--------+--------------+---------+--------------+--------------+--------------------------------------------------------------------------------------------------------------------------------------------------------------------------------------------------------------------------------------------------------------------------+-----------------+
; Altera ; Signal Tap   ; N/A     ; N/A          ; Licensed     ; |ksa|sld_hub:auto_hub|alt_sld_fab_with_jtag_input:\instrumentation_fabric_with_node_gen:fabric_gen_new_way:with_jtag_input_gen:instrumentation_fabric|alt_sld_fab:instrumentation_fabric                                                                                 ;                 ;
; Altera ; Signal Tap   ; N/A     ; N/A          ; Licensed     ; |ksa|sld_hub:auto_hub|alt_sld_fab_with_jtag_input:\instrumentation_fabric_with_node_gen:fabric_gen_new_way:with_jtag_input_gen:instrumentation_fabric|alt_sld_fab:instrumentation_fabric|alt_sld_fab_alt_sld_fab:alt_sld_fab                                             ;                 ;
; Altera ; Signal Tap   ; N/A     ; N/A          ; Licensed     ; |ksa|sld_hub:auto_hub|alt_sld_fab_with_jtag_input:\instrumentation_fabric_with_node_gen:fabric_gen_new_way:with_jtag_input_gen:instrumentation_fabric|alt_sld_fab:instrumentation_fabric|alt_sld_fab_alt_sld_fab:alt_sld_fab|alt_sld_fab_alt_sld_fab_presplit:presplit   ;                 ;
; Altera ; Signal Tap   ; N/A     ; N/A          ; Licensed     ; |ksa|sld_hub:auto_hub|alt_sld_fab_with_jtag_input:\instrumentation_fabric_with_node_gen:fabric_gen_new_way:with_jtag_input_gen:instrumentation_fabric|alt_sld_fab:instrumentation_fabric|alt_sld_fab_alt_sld_fab:alt_sld_fab|alt_sld_fab_alt_sld_fab_sldfabric:sldfabric ;                 ;
; Altera ; Signal Tap   ; N/A     ; N/A          ; Licensed     ; |ksa|sld_hub:auto_hub|alt_sld_fab_with_jtag_input:\instrumentation_fabric_with_node_gen:fabric_gen_new_way:with_jtag_input_gen:instrumentation_fabric|alt_sld_fab:instrumentation_fabric|alt_sld_fab_alt_sld_fab:alt_sld_fab|alt_sld_fab_alt_sld_fab_splitter:splitter   ;                 ;
; Altera ; RAM: 1-PORT  ; 16.1    ; N/A          ; N/A          ; |ksa|s_memory:s_memory_controller                                                                                                                                                                                                                                        ; s_memory.vhd    ;
+--------+--------------+---------+--------------+--------------+--------------------------------------------------------------------------------------------------------------------------------------------------------------------------------------------------------------------------------------------------------------------------+-----------------+


+--------------------------------------------------------------------------------------------------------------------------------------------------------------------+
; Registers Protected by Synthesis                                                                                                                                   ;
+----------------------------------------------------+------------------------------------------------------------------+--------------------------------------------+
; Register Name                                      ; Protected by Synthesis Attribute or Preserve Register Assignment ; Not to be Touched by Netlist Optimizations ;
+----------------------------------------------------+------------------------------------------------------------------+--------------------------------------------+
; switches_fsm:key_switches_control|current_state[0] ; yes                                                              ; yes                                        ;
; switches_fsm:key_switches_control|current_state[1] ; yes                                                              ; yes                                        ;
; switches_fsm:key_switches_control|current_state[2] ; yes                                                              ; yes                                        ;
; switches_fsm:key_switches_control|current_state[3] ; yes                                                              ; yes                                        ;
; Total number of protected registers is 4           ;                                                                  ;                                            ;
+----------------------------------------------------+------------------------------------------------------------------+--------------------------------------------+


+-----------------------------------------------------------------------------------------------------------------------------------------------------------------------------------------------------------------------+
; Registers Removed During Synthesis                                                                                                                                                                                    ;
+------------------------------------------------------------------------------------------------------------------------------------------------------+----------------------------------------------------------------+
; Register name                                                                                                                                        ; Reason for Removal                                             ;
+------------------------------------------------------------------------------------------------------------------------------------------------------+----------------------------------------------------------------+
; populate_s_mem_by_index:task1|write_enable_out                                                                                                       ; Merged with populate_s_mem_by_index:task1|assign_by_index_done ;
; s_memory:s_memory_controller|altsyncram:altsyncram_component|altsyncram_m5b4:auto_generated|sld_mod_ram_rom:mgl_prim2|ram_rom_data_shift_cntr_reg[3] ; Stuck at GND due to stuck port data_in                         ;
; Total Number of Removed Registers = 2                                                                                                                ;                                                                ;
+------------------------------------------------------------------------------------------------------------------------------------------------------+----------------------------------------------------------------+


+------------------------------------------------------+
; General Register Statistics                          ;
+----------------------------------------------+-------+
; Statistic                                    ; Value ;
+----------------------------------------------+-------+
; Total registers                              ; 148   ;
; Number of registers using Synchronous Clear  ; 7     ;
; Number of registers using Synchronous Load   ; 17    ;
; Number of registers using Asynchronous Clear ; 54    ;
; Number of registers using Asynchronous Load  ; 0     ;
; Number of registers using Clock Enable       ; 110   ;
; Number of registers using Preset             ; 0     ;
+----------------------------------------------+-------+


+-------------------------------------------------------------------------------------------------------------------------------------------------------------------------------------------------------------------------------------------------------------------------------------------------------------------------------------------+
; Inverted Register Statistics                                                                                                                                                                                                                                                                                                              ;
+---------------------------------------------------------------------------------------------------------------------------------------------------------------------------------------------------------------------------------------------------------------------------------------------------------------------------------+---------+
; Inverted Register                                                                                                                                                                                                                                                                                                               ; Fan out ;
+---------------------------------------------------------------------------------------------------------------------------------------------------------------------------------------------------------------------------------------------------------------------------------------------------------------------------------+---------+
; sld_hub:auto_hub|alt_sld_fab_with_jtag_input:\instrumentation_fabric_with_node_gen:fabric_gen_new_way:with_jtag_input_gen:instrumentation_fabric|alt_sld_fab:instrumentation_fabric|alt_sld_fab_alt_sld_fab:alt_sld_fab|alt_sld_fab_alt_sld_fab_sldfabric:sldfabric|sld_jtag_hub:\jtag_hub_gen:real_sld_jtag_hub|jtag_ir_reg[1] ; 3       ;
; sld_hub:auto_hub|alt_sld_fab_with_jtag_input:\instrumentation_fabric_with_node_gen:fabric_gen_new_way:with_jtag_input_gen:instrumentation_fabric|alt_sld_fab:instrumentation_fabric|alt_sld_fab_alt_sld_fab:alt_sld_fab|alt_sld_fab_alt_sld_fab_sldfabric:sldfabric|sld_jtag_hub:\jtag_hub_gen:real_sld_jtag_hub|jtag_ir_reg[2] ; 3       ;
; Total number of inverted registers = 2                                                                                                                                                                                                                                                                                          ;         ;
+---------------------------------------------------------------------------------------------------------------------------------------------------------------------------------------------------------------------------------------------------------------------------------------------------------------------------------+---------+


+-------------------------------------------------------------------------------------------------------------------------------------------------------------------------------------------------------------------------------------------------------------------------------------------------------------+
; Multiplexer Restructuring Statistics (Restructuring Performed)                                                                                                                                                                                                                                              ;
+--------------------+-----------+---------------+----------------------+------------------------+------------+-----------------------------------------------------------------------------------------------------------------------------------------------------------------------------------------------+
; Multiplexer Inputs ; Bus Width ; Baseline Area ; Area if Restructured ; Saving if Restructured ; Registered ; Example Multiplexer Output                                                                                                                                                                    ;
+--------------------+-----------+---------------+----------------------+------------------------+------------+-----------------------------------------------------------------------------------------------------------------------------------------------------------------------------------------------+
; 3:1                ; 8 bits    ; 16 LEs        ; 0 LEs                ; 16 LEs                 ; Yes        ; |ksa|s_memory:s_memory_controller|altsyncram:altsyncram_component|altsyncram_m5b4:auto_generated|sld_mod_ram_rom:mgl_prim2|ram_rom_data_reg[0]                                                ;
; 3:1                ; 4 bits    ; 8 LEs         ; 4 LEs                ; 4 LEs                  ; Yes        ; |ksa|s_memory:s_memory_controller|altsyncram:altsyncram_component|altsyncram_m5b4:auto_generated|sld_mod_ram_rom:mgl_prim2|ram_rom_data_shift_cntr_reg[2]                                     ;
; 3:1                ; 8 bits    ; 16 LEs        ; 0 LEs                ; 16 LEs                 ; Yes        ; |ksa|s_memory:s_memory_controller|altsyncram:altsyncram_component|altsyncram_m5b4:auto_generated|sld_mod_ram_rom:mgl_prim2|ram_rom_addr_reg[4]                                                ;
; 4:1                ; 5 bits    ; 10 LEs        ; 10 LEs               ; 0 LEs                  ; Yes        ; |ksa|s_memory:s_memory_controller|altsyncram:altsyncram_component|altsyncram_m5b4:auto_generated|sld_mod_ram_rom:mgl_prim2|sld_rom_sr:\ram_rom_logic_gen:name_gen:info_rom_sr|word_counter[0] ;
; 26:1               ; 4 bits    ; 68 LEs        ; 40 LEs               ; 28 LEs                 ; Yes        ; |ksa|s_memory:s_memory_controller|altsyncram:altsyncram_component|altsyncram_m5b4:auto_generated|sld_mod_ram_rom:mgl_prim2|sld_rom_sr:\ram_rom_logic_gen:name_gen:info_rom_sr|WORD_SR[0]      ;
; 16:1               ; 2 bits    ; 20 LEs        ; 12 LEs               ; 8 LEs                  ; No         ; |ksa|switches_fsm:key_switches_control|Mux2                                                                                                                                                   ;
+--------------------+-----------+---------------+----------------------+------------------------+------------+-----------------------------------------------------------------------------------------------------------------------------------------------------------------------------------------------+


+------------------------------------------------------------------------------------------------------------------------------------------------+
; Source assignments for s_memory:s_memory_controller|altsyncram:altsyncram_component|altsyncram_m5b4:auto_generated|altsyncram_kq83:altsyncram1 ;
+---------------------------------+-------+------+-----------------------------------------------------------------------------------------------+
; Assignment                      ; Value ; From ; To                                                                                            ;
+---------------------------------+-------+------+-----------------------------------------------------------------------------------------------+
; OPTIMIZE_POWER_DURING_SYNTHESIS ; OFF   ; -    ; -                                                                                             ;
+---------------------------------+-------+------+-----------------------------------------------------------------------------------------------+


+----------------------------------------------------------+
; Source assignments for switches_fsm:key_switches_control ;
+-------------------+-------+------+-----------------------+
; Assignment        ; Value ; From ; To                    ;
+-------------------+-------+------+-----------------------+
; PRESERVE_REGISTER ; on    ; -    ; current_state[3]      ;
; PRESERVE_REGISTER ; on    ; -    ; current_state[2]      ;
; PRESERVE_REGISTER ; on    ; -    ; current_state[1]      ;
; PRESERVE_REGISTER ; on    ; -    ; current_state[0]      ;
+-------------------+-------+------+-----------------------+


+-----------------------------------------------------------------------------------------------------------+
; Parameter Settings for User Entity Instance: s_memory:s_memory_controller|altsyncram:altsyncram_component ;
+------------------------------------+----------------------+-----------------------------------------------+
; Parameter Name                     ; Value                ; Type                                          ;
+------------------------------------+----------------------+-----------------------------------------------+
; BYTE_SIZE_BLOCK                    ; 8                    ; Untyped                                       ;
; AUTO_CARRY_CHAINS                  ; ON                   ; AUTO_CARRY                                    ;
; IGNORE_CARRY_BUFFERS               ; OFF                  ; IGNORE_CARRY                                  ;
; AUTO_CASCADE_CHAINS                ; ON                   ; AUTO_CASCADE                                  ;
; IGNORE_CASCADE_BUFFERS             ; OFF                  ; IGNORE_CASCADE                                ;
; WIDTH_BYTEENA                      ; 1                    ; Untyped                                       ;
; OPERATION_MODE                     ; SINGLE_PORT          ; Untyped                                       ;
; WIDTH_A                            ; 8                    ; Signed Integer                                ;
; WIDTHAD_A                          ; 8                    ; Signed Integer                                ;
; NUMWORDS_A                         ; 256                  ; Signed Integer                                ;
; OUTDATA_REG_A                      ; UNREGISTERED         ; Untyped                                       ;
; ADDRESS_ACLR_A                     ; NONE                 ; Untyped                                       ;
; OUTDATA_ACLR_A                     ; NONE                 ; Untyped                                       ;
; WRCONTROL_ACLR_A                   ; NONE                 ; Untyped                                       ;
; INDATA_ACLR_A                      ; NONE                 ; Untyped                                       ;
; BYTEENA_ACLR_A                     ; NONE                 ; Untyped                                       ;
; WIDTH_B                            ; 1                    ; Signed Integer                                ;
; WIDTHAD_B                          ; 1                    ; Signed Integer                                ;
; NUMWORDS_B                         ; 0                    ; Signed Integer                                ;
; INDATA_REG_B                       ; CLOCK1               ; Untyped                                       ;
; WRCONTROL_WRADDRESS_REG_B          ; CLOCK1               ; Untyped                                       ;
; RDCONTROL_REG_B                    ; CLOCK1               ; Untyped                                       ;
; ADDRESS_REG_B                      ; CLOCK1               ; Untyped                                       ;
; OUTDATA_REG_B                      ; UNREGISTERED         ; Untyped                                       ;
; BYTEENA_REG_B                      ; CLOCK1               ; Untyped                                       ;
; INDATA_ACLR_B                      ; NONE                 ; Untyped                                       ;
; WRCONTROL_ACLR_B                   ; NONE                 ; Untyped                                       ;
; ADDRESS_ACLR_B                     ; NONE                 ; Untyped                                       ;
; OUTDATA_ACLR_B                     ; NONE                 ; Untyped                                       ;
; RDCONTROL_ACLR_B                   ; NONE                 ; Untyped                                       ;
; BYTEENA_ACLR_B                     ; NONE                 ; Untyped                                       ;
; WIDTH_BYTEENA_A                    ; 1                    ; Signed Integer                                ;
; WIDTH_BYTEENA_B                    ; 1                    ; Signed Integer                                ;
; RAM_BLOCK_TYPE                     ; M10K                 ; Untyped                                       ;
; BYTE_SIZE                          ; 8                    ; Signed Integer                                ;
; READ_DURING_WRITE_MODE_MIXED_PORTS ; DONT_CARE            ; Untyped                                       ;
; READ_DURING_WRITE_MODE_PORT_A      ; NEW_DATA_NO_NBE_READ ; Untyped                                       ;
; READ_DURING_WRITE_MODE_PORT_B      ; NEW_DATA_NO_NBE_READ ; Untyped                                       ;
; INIT_FILE                          ; UNUSED               ; Untyped                                       ;
; INIT_FILE_LAYOUT                   ; PORT_A               ; Untyped                                       ;
; MAXIMUM_DEPTH                      ; 0                    ; Signed Integer                                ;
; CLOCK_ENABLE_INPUT_A               ; BYPASS               ; Untyped                                       ;
; CLOCK_ENABLE_INPUT_B               ; NORMAL               ; Untyped                                       ;
; CLOCK_ENABLE_OUTPUT_A              ; BYPASS               ; Untyped                                       ;
; CLOCK_ENABLE_OUTPUT_B              ; NORMAL               ; Untyped                                       ;
; CLOCK_ENABLE_CORE_A                ; USE_INPUT_CLKEN      ; Untyped                                       ;
; CLOCK_ENABLE_CORE_B                ; USE_INPUT_CLKEN      ; Untyped                                       ;
; ENABLE_ECC                         ; FALSE                ; Untyped                                       ;
; ECC_PIPELINE_STAGE_ENABLED         ; FALSE                ; Untyped                                       ;
; WIDTH_ECCSTATUS                    ; 3                    ; Signed Integer                                ;
; DEVICE_FAMILY                      ; Cyclone V            ; Untyped                                       ;
; CBXI_PARAMETER                     ; altsyncram_m5b4      ; Untyped                                       ;
+------------------------------------+----------------------+-----------------------------------------------+
Note: In order to hide this table in the UI and the text report file, please set the "Show Parameter Settings in Synthesis Report" option in "Analysis and Synthesis Settings -> More Settings" to "Off".


+----------------------------------------------------------------------------------------------------------+
; altsyncram Parameter Settings by Entity Instance                                                         ;
+-------------------------------------------+--------------------------------------------------------------+
; Name                                      ; Value                                                        ;
+-------------------------------------------+--------------------------------------------------------------+
; Number of entity instances                ; 1                                                            ;
; Entity Instance                           ; s_memory:s_memory_controller|altsyncram:altsyncram_component ;
;     -- OPERATION_MODE                     ; SINGLE_PORT                                                  ;
;     -- WIDTH_A                            ; 8                                                            ;
;     -- NUMWORDS_A                         ; 256                                                          ;
;     -- OUTDATA_REG_A                      ; UNREGISTERED                                                 ;
;     -- WIDTH_B                            ; 1                                                            ;
;     -- NUMWORDS_B                         ; 0                                                            ;
;     -- ADDRESS_REG_B                      ; CLOCK1                                                       ;
;     -- OUTDATA_REG_B                      ; UNREGISTERED                                                 ;
;     -- RAM_BLOCK_TYPE                     ; M10K                                                         ;
;     -- READ_DURING_WRITE_MODE_MIXED_PORTS ; DONT_CARE                                                    ;
+-------------------------------------------+--------------------------------------------------------------+


+-------------------------------------------------------------------------------------------------------------------------+
; Port Connectivity Checks: "switches_fsm:key_switches_control"                                                           ;
+---------------+--------+----------+-------------------------------------------------------------------------------------+
; Port          ; Type   ; Severity ; Details                                                                             ;
+---------------+--------+----------+-------------------------------------------------------------------------------------+
; reset         ; Input  ; Info     ; Stuck at GND                                                                        ;
; secret_key    ; Output ; Info     ; Connected to dangling logic. Logic that only feeds a dangling port will be removed. ;
; key_available ; Output ; Info     ; Connected to dangling logic. Logic that only feeds a dangling port will be removed. ;
; key_changed   ; Output ; Info     ; Connected to dangling logic. Logic that only feeds a dangling port will be removed. ;
+---------------+--------+----------+-------------------------------------------------------------------------------------+


+------------------------------------------------------------------------------------------------------------------------+
; Port Connectivity Checks: "s_memory:s_memory_controller"                                                               ;
+------+--------+------------------+-------------------------------------------------------------------------------------+
; Port ; Type   ; Severity         ; Details                                                                             ;
+------+--------+------------------+-------------------------------------------------------------------------------------+
; q    ; Output ; Critical Warning ; Types are incompatible                                                              ;
; q    ; Output ; Info             ; Connected to dangling logic. Logic that only feeds a dangling port will be removed. ;
+------+--------+------------------+-------------------------------------------------------------------------------------+


+---------------------------------------------------------------------------------------------------------------------------------------------------------+
; In-System Memory Content Editor Settings                                                                                                                ;
+----------------+-------------+-------+-------+------------+---------------------------------------------------------------------------------------------+
; Instance Index ; Instance ID ; Width ; Depth ; Mode       ; Hierarchy Location                                                                          ;
+----------------+-------------+-------+-------+------------+---------------------------------------------------------------------------------------------+
; 0              ; S           ; 8     ; 256   ; Read/Write ; s_memory:s_memory_controller|altsyncram:altsyncram_component|altsyncram_m5b4:auto_generated ;
+----------------+-------------+-------+-------+------------+---------------------------------------------------------------------------------------------+


+-----------------------------------------------------+
; Post-Synthesis Netlist Statistics for Top Partition ;
+-----------------------+-----------------------------+
; Type                  ; Count                       ;
+-----------------------+-----------------------------+
; arriav_ff             ; 61                          ;
;     CLR               ; 5                           ;
;     ENA               ; 27                          ;
;     ENA CLR           ; 7                           ;
;     ENA CLR SLD       ; 8                           ;
;     ENA SLD           ; 8                           ;
;     plain             ; 6                           ;
; arriav_lcell_comb     ; 69                          ;
;     arith             ; 16                          ;
;         1 data inputs ; 15                          ;
;         2 data inputs ; 1                           ;
;     extend            ; 1                           ;
;         7 data inputs ; 1                           ;
;     normal            ; 52                          ;
;         2 data inputs ; 11                          ;
;         3 data inputs ; 4                           ;
;         4 data inputs ; 13                          ;
;         5 data inputs ; 12                          ;
;         6 data inputs ; 12                          ;
; boundary_port         ; 48                          ;
; stratixv_ram_block    ; 8                           ;
;                       ;                             ;
; Max LUT depth         ; 2.00                        ;
; Average LUT depth     ; 1.40                        ;
+-----------------------+-----------------------------+


+-------------------------------+
; Elapsed Time Per Partition    ;
+----------------+--------------+
; Partition Name ; Elapsed Time ;
+----------------+--------------+
; Top            ; 00:00:00     ;
+----------------+--------------+


+-------------------------------+
; Analysis & Synthesis Messages ;
+-------------------------------+
Info: *******************************************************************
Info: Running Quartus Prime Analysis & Synthesis
    Info: Version 16.1.2 Build 203 01/18/2017 SJ Lite Edition
    Info: Processing started: Wed Jun 12 14:31:20 2024
Info: Command: quartus_map --read_settings_files=on --write_settings_files=off rc4 -c rc4
Warning (18236): Number of processors has not been specified which may cause overloading on shared machines.  Set the global assignment NUM_PARALLEL_PROCESSORS in your QSF to an appropriate value for best performance.
Info (20030): Parallel compilation is enabled and will use 6 of the 6 processors detected
Warning (12019): Can't analyze file -- file ksa.vhd is missing
Info (12021): Found 2 design units, including 1 entities, in source file s_memory.vhd
    Info (12022): Found design unit 1: s_memory-SYN File: C:/Users/eldad/OneDrive/Desktop/CPEN311/LAB4/RC4_Breaker/rtl/s_memory.vhd Line: 55
    Info (12023): Found entity 1: s_memory File: C:/Users/eldad/OneDrive/Desktop/CPEN311/LAB4/RC4_Breaker/rtl/s_memory.vhd Line: 43
Info (12021): Found 1 design units, including 1 entities, in source file ksa.sv
    Info (12023): Found entity 1: ksa File: C:/Users/eldad/OneDrive/Desktop/CPEN311/LAB4/RC4_Breaker/rtl/ksa.sv Line: 6
Warning (12019): Can't analyze file -- file Task1/rc4.sv is missing
Info (12127): Elaborating entity "ksa" for the top level hierarchy
Info (12128): Elaborating entity "s_memory" for hierarchy "s_memory:s_memory_controller" File: C:/Users/eldad/OneDrive/Desktop/CPEN311/LAB4/RC4_Breaker/rtl/ksa.sv Line: 28
Info (12128): Elaborating entity "altsyncram" for hierarchy "s_memory:s_memory_controller|altsyncram:altsyncram_component" File: C:/Users/eldad/OneDrive/Desktop/CPEN311/LAB4/RC4_Breaker/rtl/s_memory.vhd Line: 62
Info (12130): Elaborated megafunction instantiation "s_memory:s_memory_controller|altsyncram:altsyncram_component" File: C:/Users/eldad/OneDrive/Desktop/CPEN311/LAB4/RC4_Breaker/rtl/s_memory.vhd Line: 62
Info (12133): Instantiated megafunction "s_memory:s_memory_controller|altsyncram:altsyncram_component" with the following parameter: File: C:/Users/eldad/OneDrive/Desktop/CPEN311/LAB4/RC4_Breaker/rtl/s_memory.vhd Line: 62
    Info (12134): Parameter "address_aclr_a" = "UNUSED"
    Info (12134): Parameter "address_aclr_b" = "NONE"
    Info (12134): Parameter "address_reg_b" = "CLOCK1"
    Info (12134): Parameter "byte_size" = "8"
    Info (12134): Parameter "byteena_aclr_a" = "UNUSED"
    Info (12134): Parameter "byteena_aclr_b" = "NONE"
    Info (12134): Parameter "byteena_reg_b" = "CLOCK1"
    Info (12134): Parameter "clock_enable_core_a" = "USE_INPUT_CLKEN"
    Info (12134): Parameter "clock_enable_core_b" = "USE_INPUT_CLKEN"
    Info (12134): Parameter "clock_enable_input_a" = "BYPASS"
    Info (12134): Parameter "clock_enable_input_b" = "NORMAL"
    Info (12134): Parameter "clock_enable_output_a" = "BYPASS"
    Info (12134): Parameter "clock_enable_output_b" = "NORMAL"
    Info (12134): Parameter "intended_device_family" = "Cyclone V"
    Info (12134): Parameter "ecc_pipeline_stage_enabled" = "FALSE"
    Info (12134): Parameter "enable_ecc" = "FALSE"
    Info (12134): Parameter "implement_in_les" = "OFF"
    Info (12134): Parameter "indata_aclr_a" = "UNUSED"
    Info (12134): Parameter "indata_aclr_b" = "NONE"
    Info (12134): Parameter "indata_reg_b" = "CLOCK1"
    Info (12134): Parameter "init_file" = "UNUSED"
    Info (12134): Parameter "init_file_layout" = "PORT_A"
    Info (12134): Parameter "maximum_depth" = "0"
    Info (12134): Parameter "numwords_a" = "256"
    Info (12134): Parameter "numwords_b" = "0"
    Info (12134): Parameter "operation_mode" = "SINGLE_PORT"
    Info (12134): Parameter "outdata_aclr_a" = "NONE"
    Info (12134): Parameter "outdata_aclr_b" = "NONE"
    Info (12134): Parameter "outdata_reg_a" = "UNREGISTERED"
    Info (12134): Parameter "outdata_reg_b" = "UNREGISTERED"
    Info (12134): Parameter "power_up_uninitialized" = "FALSE"
    Info (12134): Parameter "ram_block_type" = "M10K"
    Info (12134): Parameter "rdcontrol_aclr_b" = "NONE"
    Info (12134): Parameter "rdcontrol_reg_b" = "CLOCK1"
    Info (12134): Parameter "read_during_write_mode_mixed_ports" = "DONT_CARE"
    Info (12134): Parameter "read_during_write_mode_port_a" = "NEW_DATA_NO_NBE_READ"
    Info (12134): Parameter "read_during_write_mode_port_b" = "NEW_DATA_NO_NBE_READ"
    Info (12134): Parameter "stratixiv_m144k_allow_dual_clocks" = "ON"
    Info (12134): Parameter "width_a" = "8"
    Info (12134): Parameter "width_b" = "1"
    Info (12134): Parameter "width_byteena_a" = "1"
    Info (12134): Parameter "width_byteena_b" = "1"
    Info (12134): Parameter "width_eccstatus" = "3"
    Info (12134): Parameter "widthad_a" = "8"
    Info (12134): Parameter "widthad_b" = "1"
    Info (12134): Parameter "wrcontrol_aclr_a" = "UNUSED"
    Info (12134): Parameter "wrcontrol_aclr_b" = "NONE"
    Info (12134): Parameter "wrcontrol_wraddress_reg_b" = "CLOCK1"
    Info (12134): Parameter "lpm_hint" = "ENABLE_RUNTIME_MOD=YES,INSTANCE_NAME=S"
    Info (12134): Parameter "lpm_type" = "altsyncram"
Info (12021): Found 1 design units, including 1 entities, in source file db/altsyncram_m5b4.tdf
    Info (12023): Found entity 1: altsyncram_m5b4 File: C:/Users/eldad/OneDrive/Desktop/CPEN311/LAB4/RC4_Breaker/rtl/db/altsyncram_m5b4.tdf Line: 28
Info (12128): Elaborating entity "altsyncram_m5b4" for hierarchy "s_memory:s_memory_controller|altsyncram:altsyncram_component|altsyncram_m5b4:auto_generated" File: c:/intelfpga_lite/16.1/quartus/libraries/megafunctions/altsyncram.tdf Line: 792
Info (12021): Found 1 design units, including 1 entities, in source file db/altsyncram_kq83.tdf
    Info (12023): Found entity 1: altsyncram_kq83 File: C:/Users/eldad/OneDrive/Desktop/CPEN311/LAB4/RC4_Breaker/rtl/db/altsyncram_kq83.tdf Line: 28
Info (12128): Elaborating entity "altsyncram_kq83" for hierarchy "s_memory:s_memory_controller|altsyncram:altsyncram_component|altsyncram_m5b4:auto_generated|altsyncram_kq83:altsyncram1" File: C:/Users/eldad/OneDrive/Desktop/CPEN311/LAB4/RC4_Breaker/rtl/db/altsyncram_m5b4.tdf Line: 37
Info (12128): Elaborating entity "sld_mod_ram_rom" for hierarchy "s_memory:s_memory_controller|altsyncram:altsyncram_component|altsyncram_m5b4:auto_generated|sld_mod_ram_rom:mgl_prim2" File: C:/Users/eldad/OneDrive/Desktop/CPEN311/LAB4/RC4_Breaker/rtl/db/altsyncram_m5b4.tdf Line: 38
Info (12130): Elaborated megafunction instantiation "s_memory:s_memory_controller|altsyncram:altsyncram_component|altsyncram_m5b4:auto_generated|sld_mod_ram_rom:mgl_prim2" File: C:/Users/eldad/OneDrive/Desktop/CPEN311/LAB4/RC4_Breaker/rtl/db/altsyncram_m5b4.tdf Line: 38
Info (12133): Instantiated megafunction "s_memory:s_memory_controller|altsyncram:altsyncram_component|altsyncram_m5b4:auto_generated|sld_mod_ram_rom:mgl_prim2" with the following parameter: File: C:/Users/eldad/OneDrive/Desktop/CPEN311/LAB4/RC4_Breaker/rtl/db/altsyncram_m5b4.tdf Line: 38
    Info (12134): Parameter "CVALUE" = "00000000"
    Info (12134): Parameter "IS_DATA_IN_RAM" = "1"
    Info (12134): Parameter "IS_READABLE" = "1"
    Info (12134): Parameter "NODE_NAME" = "1392508928"
    Info (12134): Parameter "NUMWORDS" = "256"
    Info (12134): Parameter "SHIFT_COUNT_BITS" = "4"
    Info (12134): Parameter "WIDTH_WORD" = "8"
    Info (12134): Parameter "WIDTHAD" = "8"
Info (12128): Elaborating entity "sld_jtag_endpoint_adapter" for hierarchy "s_memory:s_memory_controller|altsyncram:altsyncram_component|altsyncram_m5b4:auto_generated|sld_mod_ram_rom:mgl_prim2|sld_jtag_endpoint_adapter:jtag_signal_adapter" File: c:/intelfpga_lite/16.1/quartus/libraries/megafunctions/sld_mod_ram_rom.vhd Line: 302
Info (12128): Elaborating entity "sld_jtag_endpoint_adapter_impl" for hierarchy "s_memory:s_memory_controller|altsyncram:altsyncram_component|altsyncram_m5b4:auto_generated|sld_mod_ram_rom:mgl_prim2|sld_jtag_endpoint_adapter:jtag_signal_adapter|sld_jtag_endpoint_adapter_impl:sld_jtag_endpoint_adapter_impl_inst" File: c:/intelfpga_lite/16.1/quartus/libraries/megafunctions/sld_jtag_endpoint_adapter.vhd Line: 232
Info (12128): Elaborating entity "sld_rom_sr" for hierarchy "s_memory:s_memory_controller|altsyncram:altsyncram_component|altsyncram_m5b4:auto_generated|sld_mod_ram_rom:mgl_prim2|sld_rom_sr:\ram_rom_logic_gen:name_gen:info_rom_sr" File: c:/intelfpga_lite/16.1/quartus/libraries/megafunctions/sld_mod_ram_rom.vhd Line: 828
Warning (12125): Using design file task1/populate_s_mem_by_index.sv, which is not specified as a design file for the current project, but contains definitions for 1 design units and 1 entities in project
    Info (12023): Found entity 1: populate_s_mem_by_index File: C:/Users/eldad/OneDrive/Desktop/CPEN311/LAB4/RC4_Breaker/rtl/task1/populate_s_mem_by_index.sv Line: 8
Info (12128): Elaborating entity "populate_s_mem_by_index" for hierarchy "populate_s_mem_by_index:task1" File: C:/Users/eldad/OneDrive/Desktop/CPEN311/LAB4/RC4_Breaker/rtl/ksa.sv Line: 47
Warning (10230): Verilog HDL assignment warning at populate_s_mem_by_index.sv(26): truncated value with size 32 to match size of target (9) File: C:/Users/eldad/OneDrive/Desktop/CPEN311/LAB4/RC4_Breaker/rtl/task1/populate_s_mem_by_index.sv Line: 26
Warning (12125): Using design file task2/switches_fsm.sv, which is not specified as a design file for the current project, but contains definitions for 1 design units and 1 entities in project
    Info (12023): Found entity 1: switches_fsm File: C:/Users/eldad/OneDrive/Desktop/CPEN311/LAB4/RC4_Breaker/rtl/task2/switches_fsm.sv Line: 9
Info (12128): Elaborating entity "switches_fsm" for hierarchy "switches_fsm:key_switches_control" File: C:/Users/eldad/OneDrive/Desktop/CPEN311/LAB4/RC4_Breaker/rtl/ksa.sv Line: 65
Info (11170): Starting IP generation for the debug fabric: alt_sld_fab.
Info (11172): 2024.06.12.14:31:34 Progress: Loading sld73f98f60/alt_sld_fab_wrapper_hw.tcl
Info (11172): Alt_sld_fab.alt_sld_fab: SLD fabric agents which did not specify prefer_host were connected to JTAG
Info (11172): Alt_sld_fab: Generating alt_sld_fab "alt_sld_fab" for QUARTUS_SYNTH
Info (11172): Alt_sld_fab: "alt_sld_fab" instantiated alt_sld_fab "alt_sld_fab"
Info (11172): Presplit: "alt_sld_fab" instantiated altera_super_splitter "presplit"
Info (11172): Splitter: "alt_sld_fab" instantiated altera_sld_splitter "splitter"
Info (11172): Sldfabric: "alt_sld_fab" instantiated altera_sld_jtag_hub "sldfabric"
Info (11172): Ident: "alt_sld_fab" instantiated altera_connection_identification_hub "ident"
Info (11172): Alt_sld_fab: Done "alt_sld_fab" with 6 modules, 6 files
Info (11171): Finished IP generation for the debug fabric: alt_sld_fab.
Info (12021): Found 1 design units, including 1 entities, in source file db/ip/sld73f98f60/alt_sld_fab.v
    Info (12023): Found entity 1: alt_sld_fab File: C:/Users/eldad/OneDrive/Desktop/CPEN311/LAB4/RC4_Breaker/rtl/db/ip/sld73f98f60/alt_sld_fab.v Line: 9
Info (12021): Found 1 design units, including 1 entities, in source file db/ip/sld73f98f60/submodules/alt_sld_fab_alt_sld_fab.v
    Info (12023): Found entity 1: alt_sld_fab_alt_sld_fab File: C:/Users/eldad/OneDrive/Desktop/CPEN311/LAB4/RC4_Breaker/rtl/db/ip/sld73f98f60/submodules/alt_sld_fab_alt_sld_fab.v Line: 9
Info (12021): Found 1 design units, including 1 entities, in source file db/ip/sld73f98f60/submodules/alt_sld_fab_alt_sld_fab_ident.sv
    Info (12023): Found entity 1: alt_sld_fab_alt_sld_fab_ident File: C:/Users/eldad/OneDrive/Desktop/CPEN311/LAB4/RC4_Breaker/rtl/db/ip/sld73f98f60/submodules/alt_sld_fab_alt_sld_fab_ident.sv Line: 33
Info (12021): Found 1 design units, including 1 entities, in source file db/ip/sld73f98f60/submodules/alt_sld_fab_alt_sld_fab_presplit.sv
    Info (12023): Found entity 1: alt_sld_fab_alt_sld_fab_presplit File: C:/Users/eldad/OneDrive/Desktop/CPEN311/LAB4/RC4_Breaker/rtl/db/ip/sld73f98f60/submodules/alt_sld_fab_alt_sld_fab_presplit.sv Line: 3
Info (12021): Found 2 design units, including 1 entities, in source file db/ip/sld73f98f60/submodules/alt_sld_fab_alt_sld_fab_sldfabric.vhd
    Info (12022): Found design unit 1: alt_sld_fab_alt_sld_fab_sldfabric-rtl File: C:/Users/eldad/OneDrive/Desktop/CPEN311/LAB4/RC4_Breaker/rtl/db/ip/sld73f98f60/submodules/alt_sld_fab_alt_sld_fab_sldfabric.vhd Line: 102
    Info (12023): Found entity 1: alt_sld_fab_alt_sld_fab_sldfabric File: C:/Users/eldad/OneDrive/Desktop/CPEN311/LAB4/RC4_Breaker/rtl/db/ip/sld73f98f60/submodules/alt_sld_fab_alt_sld_fab_sldfabric.vhd Line: 11
Info (12021): Found 1 design units, including 1 entities, in source file db/ip/sld73f98f60/submodules/alt_sld_fab_alt_sld_fab_splitter.sv
    Info (12023): Found entity 1: alt_sld_fab_alt_sld_fab_splitter File: C:/Users/eldad/OneDrive/Desktop/CPEN311/LAB4/RC4_Breaker/rtl/db/ip/sld73f98f60/submodules/alt_sld_fab_alt_sld_fab_splitter.sv Line: 3
Warning (12241): 1 hierarchies have connectivity warnings - see the Connectivity Checks report folder
Info (286031): Timing-Driven Synthesis is running on partition "Top"
Info (16010): Generating hard_block partition "hard_block:auto_generated_inst"
    Info (16011): Adding 9 node(s), including 0 DDIO, 0 PLL, 0 transceiver and 0 LCELL
Warning (15752): Ignored 12 Virtual Pin logic option assignments
    Warning (15751): Ignored Virtual Pin assignment to "LCD_RW".
    Warning (15751): Ignored Virtual Pin assignment to "LCD_RS".
    Warning (15751): Ignored Virtual Pin assignment to "LCD_EN".
    Warning (15751): Ignored Virtual Pin assignment to "LCD_DATA[7]".
    Warning (15751): Ignored Virtual Pin assignment to "LCD_DATA[5]".
    Warning (15751): Ignored Virtual Pin assignment to "LCD_DATA[0]".
    Warning (15751): Ignored Virtual Pin assignment to "LCD_DATA[3]".
    Warning (15751): Ignored Virtual Pin assignment to "LCD_ON".
    Warning (15751): Ignored Virtual Pin assignment to "LCD_DATA[4]".
    Warning (15751): Ignored Virtual Pin assignment to "LCD_DATA[2]".
    Warning (15751): Ignored Virtual Pin assignment to "LCD_DATA[1]".
    Warning (15751): Ignored Virtual Pin assignment to "LCD_DATA[6]".
Info (21057): Implemented 260 device resources after synthesis - the final resource count might be different
    Info (21058): Implemented 14 input pins
    Info (21059): Implemented 11 output pins
    Info (21061): Implemented 226 logic cells
    Info (21064): Implemented 8 RAM segments
Info: Quartus Prime Analysis & Synthesis was successful. 0 errors, 20 warnings
    Info: Peak virtual memory: 4885 megabytes
    Info: Processing ended: Wed Jun 12 14:31:43 2024
    Info: Elapsed time: 00:00:23
    Info: Total CPU time (on all processors): 00:00:48


